This file contains any messages produced by compilers while
running configure, to aid debugging if configure makes a mistake.

It was created by configure, which was
generated by GNU Autoconf 2.59.  Invocation command line was

  $ ./configure 

## --------- ##
## Platform. ##
## --------- ##

hostname = fuji
uname -m = x86_64
uname -r = 2.6.18.8-0.3-default
uname -s = Linux
uname -v = #1 SMP Tue Apr 17 08:42:35 UTC 2007

/usr/bin/uname -p = unknown
/bin/uname -X     = unknown

/bin/arch              = x86_64
/usr/bin/arch -k       = unknown
/usr/convex/getsysinfo = unknown
hostinfo               = unknown
/bin/machine           = unknown
/usr/bin/oslevel       = unknown
/bin/universe          = unknown

PATH: /home/focht/bin
PATH: /sbin
PATH: /usr/sbin
PATH: /home/focht/bin
PATH: /sbin
PATH: /usr/sbin
PATH: /home/focht/bin
PATH: /sbin
PATH: /usr/sbin
PATH: /home/focht/bin
PATH: /usr/local/bin
PATH: /usr/bin
PATH: /usr/X11R6/bin
PATH: /bin
PATH: /usr/games
PATH: /opt/gnome/bin
PATH: /opt/kde3/bin
PATH: /opt/cross/bin
PATH: /usr/lib64/jvm/jre/bin
PATH: /usr/lib/mit/bin
PATH: /usr/lib/mit/sbin
PATH: /usr/lib/qt3/bin
PATH: /home/focht/bin


## ----------- ##
## Core tests. ##
## ----------- ##

configure:1508: checking build system type
configure:1526: result: x86_64-unknown-linux-gnu
configure:1534: checking host system type
configure:1548: result: x86_64-unknown-linux-gnu
configure:1556: checking target system type
configure:1570: result: x86_64-unknown-linux-gnu
configure:1630: checking for gcc
configure:1646: found /usr/bin/gcc
configure:1656: result: gcc
configure:1900: checking for C compiler version
configure:1903: gcc --version </dev/null >&5
gcc (GCC) 4.1.2 20061115 (prerelease) (SUSE Linux)
Copyright (C) 2006 Free Software Foundation, Inc.
This is free software; see the source for copying conditions.  There is NO
warranty; not even for MERCHANTABILITY or FITNESS FOR A PARTICULAR PURPOSE.

configure:1906: $? = 0
configure:1908: gcc -v </dev/null >&5
Using built-in specs.
Target: x86_64-suse-linux
Configured with: ../configure --enable-threads=posix --prefix=/usr --with-local-prefix=/usr/local --infodir=/usr/share/info --mandir=/usr/share/man --libdir=/usr/lib64 --libexecdir=/usr/lib64 --enable-languages=c,c++,objc,fortran,obj-c++,java,ada --enable-checking=release --with-gxx-include-dir=/usr/include/c++/4.1.2 --enable-ssp --disable-libssp --disable-libgcj --with-slibdir=/lib64 --with-system-zlib --enable-shared --enable-__cxa_atexit --enable-libstdcxx-allocator=new --program-suffix=-4.1 --enable-version-specific-runtime-libs --without-system-libunwind --with-cpu=generic --host=x86_64-suse-linux
Thread model: posix
gcc version 4.1.2 20061115 (prerelease) (SUSE Linux)
configure:1911: $? = 0
configure:1913: gcc -V </dev/null >&5
gcc: '-V' option must have argument
configure:1916: $? = 1
configure:1939: checking for C compiler default output file name
configure:1942: gcc    conftest.c  >&5
configure:1945: $? = 0
configure:1991: result: a.out
configure:1996: checking whether the C compiler works
configure:2002: ./a.out
configure:2005: $? = 0
configure:2022: result: yes
configure:2029: checking whether we are cross compiling
configure:2031: result: no
configure:2034: checking for suffix of executables
configure:2036: gcc -o conftest    conftest.c  >&5
configure:2039: $? = 0
configure:2064: result: 
configure:2070: checking for suffix of object files
configure:2091: gcc -c   conftest.c >&5
configure:2094: $? = 0
configure:2116: result: o
configure:2120: checking whether we are using the GNU C compiler
configure:2144: gcc -c   conftest.c >&5
configure:2150: $? = 0
configure:2154: test -z 
			 || test ! -s conftest.err
configure:2157: $? = 0
configure:2160: test -s conftest.o
configure:2163: $? = 0
configure:2176: result: yes
configure:2182: checking whether gcc accepts -g
configure:2203: gcc -c -g  conftest.c >&5
configure:2209: $? = 0
configure:2213: test -z 
			 || test ! -s conftest.err
configure:2216: $? = 0
configure:2219: test -s conftest.o
configure:2222: $? = 0
configure:2233: result: yes
configure:2250: checking for gcc option to accept ANSI C
configure:2320: gcc  -c -g -O2  conftest.c >&5
configure:2326: $? = 0
configure:2330: test -z 
			 || test ! -s conftest.err
configure:2333: $? = 0
configure:2336: test -s conftest.o
configure:2339: $? = 0
configure:2357: result: none needed
configure:2375: gcc -c -g -O2  conftest.c >&5
conftest.c:2: error: expected '=', ',', ';', 'asm' or '__attribute__' before 'me'
configure:2381: $? = 1
configure: failed program was:
| #ifndef __cplusplus
|   choke me
| #endif
configure:2515: checking for library containing strerror
configure:2545: gcc -o conftest -g -O2   conftest.c  >&5
configure:2551: $? = 0
configure:2555: test -z 
			 || test ! -s conftest.err
configure:2558: $? = 0
configure:2561: test -s conftest
configure:2564: $? = 0
configure:2634: result: none required
configure:2661: checking for a BSD-compatible install
configure:2716: result: /usr/bin/install -c
configure:2727: checking whether build environment is sane
configure:2770: result: yes
configure:2835: checking for gawk
configure:2851: found /usr/bin/gawk
configure:2861: result: gawk
configure:2871: checking whether make sets $(MAKE)
configure:2891: result: yes
configure:2921: checking for style of include used by make
configure:2949: result: GNU
configure:3125: checking dependency style of gcc
configure:3215: result: gcc3
configure:3275: checking for ar
configure:3291: found /usr/bin/ar
configure:3301: result: ar
configure:3354: checking for ranlib
configure:3370: found /usr/bin/ranlib
configure:3381: result: ranlib
configure:3532: checking for a sed that does not truncate output
configure:3588: result: /usr/bin/sed
configure:3604: checking for egrep
configure:3614: result: grep -E
configure:3619: checking for fgrep
configure:3629: result: grep -F
configure:3664: checking for ld used by gcc
configure:3731: result: /usr/x86_64-suse-linux/bin/ld
configure:3740: checking if the linker (/usr/x86_64-suse-linux/bin/ld) is GNU ld
configure:3755: result: yes
configure:3768: checking for BSD- or MS-compatible name lister (nm)
configure:3817: result: /usr/bin/nm -B
configure:3922: checking the name lister (/usr/bin/nm -B) interface
configure:3929: gcc -c -g -O2  conftest.c >&5
configure:3932: /usr/bin/nm -B "conftest.o"
configure:3935: output
0000000000000000 B some_variable
configure:3942: result: BSD nm
configure:3945: checking whether ln -s works
configure:3949: result: yes
configure:3957: checking the maximum length of command line arguments
configure:4077: result: 98304
configure:4095: checking whether the shell understands some XSI constructs
configure:4103: result: yes
configure:4107: checking whether the shell understands "+="
configure:4113: result: yes
configure:4148: checking for /usr/x86_64-suse-linux/bin/ld option to reload object files
configure:4155: result: -r
configure:4182: checking how to recognize dependent libraries
configure:4372: result: pass_all
configure:4430: checking for ar
configure:4457: result: ar
configure:4523: checking for strip
configure:4539: found /usr/bin/strip
configure:4550: result: strip
configure:4610: checking for ranlib
configure:4637: result: ranlib
configure:4717: checking command to parse /usr/bin/nm -B output from gcc object
configure:4834: gcc -c -g -O2  conftest.c >&5
configure:4837: $? = 0
configure:4841: /usr/bin/nm -B conftest.o \| sed -n -e 's/^.*[	 ]\([ABCDGIRSTW][ABCDGIRSTW]*\)[	 ][	 ]*\([_A-Za-z][_A-Za-z0-9]*\)$/\1 \2 \2/p' \> conftest.nm
configure:4844: $? = 0
configure:4898: gcc -o conftest -g -O2   conftest.c conftstm.o >&5
configure:4901: $? = 0
configure:4939: result: ok
configure:5029: gcc -c -g -O2  conftest.c >&5
configure:5032: $? = 0
configure:5181: checking how to run the C preprocessor
configure:5216: gcc -E  conftest.c
configure:5222: $? = 0
configure:5254: gcc -E  conftest.c
conftest.c:11:28: error: ac_nonexistent.h: No such file or directory
configure:5260: $? = 1
configure: failed program was:
| /* confdefs.h.  */
| 
| #define PACKAGE_NAME ""
| #define PACKAGE_TARNAME ""
| #define PACKAGE_VERSION ""
| #define PACKAGE_STRING ""
| #define PACKAGE_BUGREPORT ""
| #define PACKAGE "opcodes"
| #define VERSION "2.17.50"
| /* end confdefs.h.  */
| #include <ac_nonexistent.h>
configure:5299: result: gcc -E
configure:5323: gcc -E  conftest.c
configure:5329: $? = 0
configure:5361: gcc -E  conftest.c
conftest.c:11:28: error: ac_nonexistent.h: No such file or directory
configure:5367: $? = 1
configure: failed program was:
| /* confdefs.h.  */
| 
| #define PACKAGE_NAME ""
| #define PACKAGE_TARNAME ""
| #define PACKAGE_VERSION ""
| #define PACKAGE_STRING ""
| #define PACKAGE_BUGREPORT ""
| #define PACKAGE "opcodes"
| #define VERSION "2.17.50"
| /* end confdefs.h.  */
| #include <ac_nonexistent.h>
configure:5411: checking for ANSI C header files
configure:5436: gcc -c -g -O2  conftest.c >&5
configure:5442: $? = 0
configure:5446: test -z 
			 || test ! -s conftest.err
configure:5449: $? = 0
configure:5452: test -s conftest.o
configure:5455: $? = 0
configure:5544: gcc -o conftest -g -O2   conftest.c  >&5
conftest.c: In function 'main':
conftest.c:28: warning: incompatible implicit declaration of built-in function 'exit'
configure:5547: $? = 0
configure:5549: ./conftest
configure:5552: $? = 0
configure:5567: result: yes
configure:5591: checking for sys/types.h
configure:5607: gcc -c -g -O2  conftest.c >&5
configure:5613: $? = 0
configure:5617: test -z 
			 || test ! -s conftest.err
configure:5620: $? = 0
configure:5623: test -s conftest.o
configure:5626: $? = 0
configure:5637: result: yes
configure:5591: checking for sys/stat.h
configure:5607: gcc -c -g -O2  conftest.c >&5
configure:5613: $? = 0
configure:5617: test -z 
			 || test ! -s conftest.err
configure:5620: $? = 0
configure:5623: test -s conftest.o
configure:5626: $? = 0
configure:5637: result: yes
configure:5591: checking for stdlib.h
configure:5607: gcc -c -g -O2  conftest.c >&5
configure:5613: $? = 0
configure:5617: test -z 
			 || test ! -s conftest.err
configure:5620: $? = 0
configure:5623: test -s conftest.o
configure:5626: $? = 0
configure:5637: result: yes
configure:5591: checking for string.h
configure:5607: gcc -c -g -O2  conftest.c >&5
configure:5613: $? = 0
configure:5617: test -z 
			 || test ! -s conftest.err
configure:5620: $? = 0
configure:5623: test -s conftest.o
configure:5626: $? = 0
configure:5637: result: yes
configure:5591: checking for memory.h
configure:5607: gcc -c -g -O2  conftest.c >&5
configure:5613: $? = 0
configure:5617: test -z 
			 || test ! -s conftest.err
configure:5620: $? = 0
configure:5623: test -s conftest.o
configure:5626: $? = 0
configure:5637: result: yes
configure:5591: checking for strings.h
configure:5607: gcc -c -g -O2  conftest.c >&5
configure:5613: $? = 0
configure:5617: test -z 
			 || test ! -s conftest.err
configure:5620: $? = 0
configure:5623: test -s conftest.o
configure:5626: $? = 0
configure:5637: result: yes
configure:5591: checking for inttypes.h
configure:5607: gcc -c -g -O2  conftest.c >&5
configure:5613: $? = 0
configure:5617: test -z 
			 || test ! -s conftest.err
configure:5620: $? = 0
configure:5623: test -s conftest.o
configure:5626: $? = 0
configure:5637: result: yes
configure:5591: checking for stdint.h
configure:5607: gcc -c -g -O2  conftest.c >&5
configure:5613: $? = 0
configure:5617: test -z 
			 || test ! -s conftest.err
configure:5620: $? = 0
configure:5623: test -s conftest.o
configure:5626: $? = 0
configure:5637: result: yes
configure:5591: checking for unistd.h
configure:5607: gcc -c -g -O2  conftest.c >&5
configure:5613: $? = 0
configure:5617: test -z 
			 || test ! -s conftest.err
configure:5620: $? = 0
configure:5623: test -s conftest.o
configure:5626: $? = 0
configure:5637: result: yes
configure:5653: checking for dlfcn.h
configure:5669: gcc -c -g -O2  conftest.c >&5
configure:5675: $? = 0
configure:5679: test -z 
			 || test ! -s conftest.err
configure:5682: $? = 0
configure:5685: test -s conftest.o
configure:5688: $? = 0
configure:5699: result: yes
configure:5761: checking for objdir
configure:5776: result: .libs
configure:6072: checking if gcc supports -fno-rtti -fno-exceptions
configure:6090: gcc -c -g -O2  -fno-rtti -fno-exceptions conftest.c >&5
cc1: warning: command line option "-fno-rtti" is valid for C++/ObjC++ but not for C
configure:6094: $? = 0
configure:6107: result: no
configure:6127: checking for gcc option to produce PIC
configure:6382: result: -fPIC -DPIC
configure:6394: checking if gcc PIC flag -fPIC -DPIC works
configure:6412: gcc -c -g -O2  -fPIC -DPIC -DPIC conftest.c >&5
configure:6416: $? = 0
configure:6429: result: yes
configure:6453: checking if gcc static flag -static works
configure:6481: result: yes
configure:6496: checking if gcc supports -c -o file.o
configure:6517: gcc -c -g -O2  -o out/conftest2.o conftest.c >&5
configure:6521: $? = 0
configure:6543: result: yes
configure:6551: checking if gcc supports -c -o file.o
configure:6598: result: yes
configure:6631: checking whether the gcc linker (/usr/x86_64-suse-linux/bin/ld -m elf_x86_64) supports shared libraries
configure:7711: result: yes
configure:7950: checking dynamic linker characteristics
configure:8383: gcc -o conftest -g -O2   -Wl,-rpath -Wl,/foo conftest.c  >&5
configure:8389: $? = 0
configure:8393: test -z 
			 || test ! -s conftest.err
configure:8396: $? = 0
configure:8399: test -s conftest
configure:8402: $? = 0
configure:8626: result: GNU/Linux ld.so
configure:8721: checking how to hardcode library paths into programs
configure:8746: result: immediate
configure:9592: checking whether stripping libraries is possible
configure:9597: result: yes
configure:9632: checking if libtool supports shared libraries
configure:9634: result: yes
configure:9637: checking whether to build shared libraries
configure:9658: result: no
configure:9661: checking whether to build static libraries
configure:9665: result: yes
configure:9786: checking whether to enable maintainer-specific portions of Makefiles
configure:9795: result: no
configure:9825: checking whether to install libbfd
configure:9838: result: yes
configure:9916: checking for gcc
configure:9942: result: gcc
configure:10186: checking for C compiler version
configure:10189: gcc --version </dev/null >&5
gcc (GCC) 4.1.2 20061115 (prerelease) (SUSE Linux)
Copyright (C) 2006 Free Software Foundation, Inc.
This is free software; see the source for copying conditions.  There is NO
warranty; not even for MERCHANTABILITY or FITNESS FOR A PARTICULAR PURPOSE.

configure:10192: $? = 0
configure:10194: gcc -v </dev/null >&5
Using built-in specs.
Target: x86_64-suse-linux
Configured with: ../configure --enable-threads=posix --prefix=/usr --with-local-prefix=/usr/local --infodir=/usr/share/info --mandir=/usr/share/man --libdir=/usr/lib64 --libexecdir=/usr/lib64 --enable-languages=c,c++,objc,fortran,obj-c++,java,ada --enable-checking=release --with-gxx-include-dir=/usr/include/c++/4.1.2 --enable-ssp --disable-libssp --disable-libgcj --with-slibdir=/lib64 --with-system-zlib --enable-shared --enable-__cxa_atexit --enable-libstdcxx-allocator=new --program-suffix=-4.1 --enable-version-specific-runtime-libs --without-system-libunwind --with-cpu=generic --host=x86_64-suse-linux
Thread model: posix
gcc version 4.1.2 20061115 (prerelease) (SUSE Linux)
configure:10197: $? = 0
configure:10199: gcc -V </dev/null >&5
gcc: '-V' option must have argument
configure:10202: $? = 1
configure:10205: checking whether we are using the GNU C compiler
configure:10261: result: yes
configure:10267: checking whether gcc accepts -g
configure:10318: result: yes
configure:10335: checking for gcc option to accept ANSI C
configure:10442: result: none needed
configure:10460: gcc -c -g -O2  conftest.c >&5
conftest.c:2: error: expected '=', ',', ';', 'asm' or '__attribute__' before 'me'
configure:10466: $? = 1
configure: failed program was:
| #ifndef __cplusplus
|   choke me
| #endif
configure:10614: checking whether NLS is requested
configure:10617: result: no
configure:10687: checking whether NLS is requested
configure:10696: result: yes
configure:10734: checking for msgfmt
configure:10765: result: /usr/bin/msgfmt
configure:10774: checking for gmsgfmt
configure:10805: result: /usr/bin/msgfmt
configure:10844: checking for xgettext
configure:10875: result: /usr/bin/xgettext
configure:10915: checking for msgmerge
configure:10945: result: /usr/bin/msgmerge
configure:11035: checking for a BSD-compatible install
configure:11090: result: /usr/bin/install -c
configure:11109: checking for string.h
configure:11114: result: yes
configure:11109: checking for strings.h
configure:11114: result: yes
configure:11109: checking for stdlib.h
configure:11114: result: yes
configure:11255: checking whether basename is declared
configure:11279: gcc -c -g -O2  conftest.c >&5
conftest.c: In function 'main':
conftest.c:64: error: 'basename' undeclared (first use in this function)
conftest.c:64: error: (Each undeclared identifier is reported only once
conftest.c:64: error: for each function it appears in.)
configure:11285: $? = 1
configure: failed program was:
| /* confdefs.h.  */
| 
| #define PACKAGE_NAME ""
| #define PACKAGE_TARNAME ""
| #define PACKAGE_VERSION ""
| #define PACKAGE_STRING ""
| #define PACKAGE_BUGREPORT ""
| #define PACKAGE "opcodes"
| #define VERSION "2.17.50"
| #define STDC_HEADERS 1
| #define HAVE_SYS_TYPES_H 1
| #define HAVE_SYS_STAT_H 1
| #define HAVE_STDLIB_H 1
| #define HAVE_STRING_H 1
| #define HAVE_MEMORY_H 1
| #define HAVE_STRINGS_H 1
| #define HAVE_INTTYPES_H 1
| #define HAVE_STDINT_H 1
| #define HAVE_UNISTD_H 1
| #define HAVE_DLFCN_H 1
| #define LT_OBJDIR ".libs/"
| #define HAVE_STRING_H 1
| #define HAVE_STRINGS_H 1
| #define HAVE_STDLIB_H 1
| /* end confdefs.h.  */
| #include <stdio.h>
| #if HAVE_SYS_TYPES_H
| # include <sys/types.h>
| #endif
| #if HAVE_SYS_STAT_H
| # include <sys/stat.h>
| #endif
| #if STDC_HEADERS
| # include <stdlib.h>
| # include <stddef.h>
| #else
| # if HAVE_STDLIB_H
| #  include <stdlib.h>
| # endif
| #endif
| #if HAVE_STRING_H
| # if !STDC_HEADERS && HAVE_MEMORY_H
| #  include <memory.h>
| # endif
| # include <string.h>
| #endif
| #if HAVE_STRINGS_H
| # include <strings.h>
| #endif
| #if HAVE_INTTYPES_H
| # include <inttypes.h>
| #else
| # if HAVE_STDINT_H
| #  include <stdint.h>
| # endif
| #endif
| #if HAVE_UNISTD_H
| # include <unistd.h>
| #endif
| int
| main ()
| {
| #ifndef basename
|   char *p = (char *) basename;
| #endif
| 
|   ;
|   return 0;
| }
configure:11309: result: no
configure:11674: creating ./config.status

## ---------------------- ##
## Running config.status. ##
## ---------------------- ##

This file was extended by config.status, which was
generated by GNU Autoconf 2.59.  Invocation command line was

  CONFIG_FILES    = 
  CONFIG_HEADERS  = 
  CONFIG_LINKS    = 
  CONFIG_COMMANDS = 
  $ ./config.status 

on fuji

config.status:938: creating Makefile
config.status:938: creating po/Makefile.in
config.status:1042: creating config.h
config.status:1340: executing depfiles commands
config.status:1340: executing libtool commands
config.status:1340: executing default-1 commands

## ---------------- ##
## Cache variables. ##
## ---------------- ##

ac_cv_build=x86_64-unknown-linux-gnu
ac_cv_build_alias=x86_64-unknown-linux-gnu
ac_cv_c_compiler_gnu=yes
ac_cv_env_CC_set=
ac_cv_env_CC_value=
ac_cv_env_CFLAGS_set=
ac_cv_env_CFLAGS_value=
ac_cv_env_CPPFLAGS_set=
ac_cv_env_CPPFLAGS_value=
ac_cv_env_CPP_set=
ac_cv_env_CPP_value=
ac_cv_env_LDFLAGS_set=
ac_cv_env_LDFLAGS_value=
ac_cv_env_build_alias_set=
ac_cv_env_build_alias_value=
ac_cv_env_host_alias_set=
ac_cv_env_host_alias_value=
ac_cv_env_target_alias_set=
ac_cv_env_target_alias_value=
ac_cv_exeext=
ac_cv_have_decl_basename=no
ac_cv_header_dlfcn_h=yes
ac_cv_header_inttypes_h=yes
ac_cv_header_memory_h=yes
ac_cv_header_stdc=yes
ac_cv_header_stdint_h=yes
ac_cv_header_stdlib_h=yes
ac_cv_header_string_h=yes
ac_cv_header_strings_h=yes
ac_cv_header_sys_stat_h=yes
ac_cv_header_sys_types_h=yes
ac_cv_header_unistd_h=yes
ac_cv_host=x86_64-unknown-linux-gnu
ac_cv_host_alias=x86_64-unknown-linux-gnu
ac_cv_objext=o
ac_cv_path_GMSGFMT=/usr/bin/msgfmt
ac_cv_path_MSGFMT=/usr/bin/msgfmt
ac_cv_path_MSGMERGE=/usr/bin/msgmerge
ac_cv_path_XGETTEXT=/usr/bin/xgettext
ac_cv_path_install='/usr/bin/install -c'
ac_cv_prog_AWK=gawk
ac_cv_prog_CPP='gcc -E'
ac_cv_prog_ac_ct_AR=ar
ac_cv_prog_ac_ct_CC=gcc
ac_cv_prog_ac_ct_RANLIB=ranlib
ac_cv_prog_ac_ct_STRIP=strip
ac_cv_prog_cc_g=yes
ac_cv_prog_cc_stdc=
ac_cv_prog_egrep='grep -E'
ac_cv_prog_fgrep='grep -F'
ac_cv_prog_make_make_set=yes
ac_cv_search_strerror='none required'
ac_cv_target=x86_64-unknown-linux-gnu
ac_cv_target_alias=x86_64-unknown-linux-gnu
am_cv_CC_dependencies_compiler_type=gcc3
lt_cv_deplibs_check_method=pass_all
lt_cv_file_magic_cmd='$MAGIC_CMD'
lt_cv_file_magic_test_file=
lt_cv_ld_reload_flag=-r
lt_cv_nm_interface='BSD nm'
lt_cv_objdir=.libs
lt_cv_path_LD=/usr/x86_64-suse-linux/bin/ld
lt_cv_path_NM='/usr/bin/nm -B'
lt_cv_path_SED=/usr/bin/sed
lt_cv_prog_compiler_c_o=yes
lt_cv_prog_compiler_rtti_exceptions=no
lt_cv_prog_gnu_ld=yes
lt_cv_sys_global_symbol_pipe='sed -n -e '\''s/^.*[	 ]\([ABCDGIRSTW][ABCDGIRSTW]*\)[	 ][	 ]*\([_A-Za-z][_A-Za-z0-9]*\)$/\1 \2 \2/p'\'''
lt_cv_sys_global_symbol_to_c_name_address='sed -n -e '\''s/^: \([^ ]*\) $/  {\"\1\", (void *) 0},/p'\'' -e '\''s/^[ABCDGIRSTW]* \([^ ]*\) \([^ ]*\)$/  {"\2", (void *) \&\2},/p'\'''
lt_cv_sys_global_symbol_to_cdecl='sed -n -e '\''s/^T .* \(.*\)$/extern int \1();/p'\'' -e '\''s/^[ABCDGIRSTW]* .* \(.*\)$/extern char \1;/p'\'''
lt_cv_sys_max_cmd_len=98304

## ----------------- ##
## Output variables. ##
## ----------------- ##

ACLOCAL='${SHELL} /home/focht/Projects/Hardware/CELL/src/missing --run aclocal-1.9'
AMDEPBACKSLASH='\'
AMDEP_FALSE='#'
AMDEP_TRUE=''
AMTAR='${SHELL} /home/focht/Projects/Hardware/CELL/src/missing --run tar'
AR='ar'
AUTOCONF='${SHELL} /home/focht/Projects/Hardware/CELL/src/missing --run autoconf'
AUTOHEADER='${SHELL} /home/focht/Projects/Hardware/CELL/src/missing --run autoheader'
AUTOMAKE='${SHELL} /home/focht/Projects/Hardware/CELL/src/missing --run automake-1.9'
AWK='gawk'
BFD_MACHINES=' i386-dis.lo i386-opc.lo'
CATALOGS=''
CATOBJEXT=''
CC='gcc'
CCDEPMODE='depmode=gcc3'
CC_FOR_BUILD='$(CC)'
CFLAGS='-g -O2'
CGEN_MAINT_FALSE=''
CGEN_MAINT_TRUE='#'
CPP='gcc -E'
CPPFLAGS=''
CYGPATH_W='echo'
DATADIRNAME=''
DEFS='-DHAVE_CONFIG_H'
DEPDIR='.deps'
DUMPBIN=''
ECHO_C=''
ECHO_N='-n'
ECHO_T=''
EGREP='grep -E'
EXEEXT=''
EXEEXT_FOR_BUILD='$(EXEEXT)'
FGREP='grep -F'
GENCAT=''
GMSGFMT='/usr/bin/msgfmt'
GREP='grep'
HDEFINES=''
INCINTL=''
INSTALL_DATA='${INSTALL} -m 644'
INSTALL_LIBBFD_FALSE='#'
INSTALL_LIBBFD_TRUE=''
INSTALL_PROGRAM='${INSTALL}'
INSTALL_SCRIPT='${INSTALL}'
INSTALL_STRIP_PROGRAM='${SHELL} $(install_sh) -c -s'
INSTOBJEXT=''
LD='/usr/x86_64-suse-linux/bin/ld -m elf_x86_64'
LDFLAGS=''
LIBINTL=''
LIBINTL_DEP=''
LIBOBJS=''
LIBS=''
LIBTOOL='$(SHELL) $(top_builddir)/libtool'
LN_S='ln -s'
LTLIBOBJS=''
MAINT='#'
MAINTAINER_MODE_FALSE=''
MAINTAINER_MODE_TRUE='#'
MAKEINFO='${SHELL} /home/focht/Projects/Hardware/CELL/src/missing --run makeinfo'
MKINSTALLDIRS='$(top_builddir)/./../mkinstalldirs'
MSGFMT='/usr/bin/msgfmt'
MSGMERGE='/usr/bin/msgmerge'
NM='/usr/bin/nm -B'
NO_WERROR='-Wno-error'
OBJEXT='o'
PACKAGE='opcodes'
PACKAGE_BUGREPORT=''
PACKAGE_NAME=''
PACKAGE_STRING=''
PACKAGE_TARNAME=''
PACKAGE_VERSION=''
PATH_SEPARATOR=':'
POSUB=''
RANLIB='ranlib'
SED='/usr/bin/sed'
SET_MAKE=''
SHELL='/bin/sh'
STRIP='strip'
USE_NLS='yes'
VERSION='2.17.50'
WARN_CFLAGS='-W -Wall -Wstrict-prototypes -Wmissing-prototypes -Werror'
WIN32LDFLAGS=''
WIN32LIBADD=''
XGETTEXT='/usr/bin/xgettext'
ac_ct_AR='ar'
ac_ct_CC='gcc'
ac_ct_DUMPBIN=''
ac_ct_RANLIB='ranlib'
ac_ct_STRIP='strip'
am__fastdepCC_FALSE='#'
am__fastdepCC_TRUE=''
am__include='include'
am__leading_dot='.'
am__quote=''
am__tar='${AMTAR} chof - "$$tardir"'
am__untar='${AMTAR} xf -'
archdefs=' -DARCH_i386'
bfdincludedir='$(includedir)'
bfdlibdir='$(libdir)'
bindir='${exec_prefix}/bin'
build='x86_64-unknown-linux-gnu'
build_alias=''
build_cpu='x86_64'
build_os='linux-gnu'
build_vendor='unknown'
cgendir='$(srcdir)/../cgen'
datadir='${prefix}/share'
exec_prefix='${prefix}'
host='x86_64-unknown-linux-gnu'
host_alias=''
host_cpu='x86_64'
host_noncanonical='x86_64-unknown-linux-gnu'
host_os='linux-gnu'
host_vendor='unknown'
includedir='${prefix}/include'
infodir='${prefix}/info'
install_sh='/home/focht/Projects/Hardware/CELL/src/install-sh'
libdir='${exec_prefix}/lib'
libexecdir='${exec_prefix}/libexec'
localstatedir='${prefix}/var'
lt_ECHO='echo'
mandir='${prefix}/man'
mkdir_p='mkdir -p --'
oldincludedir='/usr/include'
prefix='/usr/local'
program_transform_name='s,x,x,'
sbindir='${exec_prefix}/sbin'
sharedstatedir='${prefix}/com'
sysconfdir='${prefix}/etc'
target='x86_64-unknown-linux-gnu'
target_alias=''
target_cpu='x86_64'
target_noncanonical='x86_64-unknown-linux-gnu'
target_os='linux-gnu'
target_vendor='unknown'

## ----------- ##
## confdefs.h. ##
## ----------- ##

#define HAVE_DECL_BASENAME 0
#define HAVE_DLFCN_H 1
#define HAVE_INTTYPES_H 1
#define HAVE_MEMORY_H 1
#define HAVE_STDINT_H 1
#define HAVE_STDLIB_H 1
#define HAVE_STDLIB_H 1
#define HAVE_STRINGS_H 1
#define HAVE_STRINGS_H 1
#define HAVE_STRING_H 1
#define HAVE_STRING_H 1
#define HAVE_SYS_STAT_H 1
#define HAVE_SYS_TYPES_H 1
#define HAVE_UNISTD_H 1
#define LT_OBJDIR ".libs/"
#define PACKAGE "opcodes"
#define PACKAGE_BUGREPORT ""
#define PACKAGE_NAME ""
#define PACKAGE_STRING ""
#define PACKAGE_TARNAME ""
#define PACKAGE_VERSION ""
#define STDC_HEADERS 1
#define VERSION "2.17.50"

configure: exit 0
