This file contains any messages produced by compilers while
running configure, to aid debugging if configure makes a mistake.

It was created by configure, which was
generated by GNU Autoconf 2.59.  Invocation command line was

  $ ./configure 

## --------- ##
## Platform. ##
## --------- ##

hostname = fuji
uname -m = x86_64
uname -r = 2.6.18.8-0.3-default
uname -s = Linux
uname -v = #1 SMP Tue Apr 17 08:42:35 UTC 2007

/usr/bin/uname -p = unknown
/bin/uname -X     = unknown

/bin/arch              = x86_64
/usr/bin/arch -k       = unknown
/usr/convex/getsysinfo = unknown
hostinfo               = unknown
/bin/machine           = unknown
/usr/bin/oslevel       = unknown
/bin/universe          = unknown

PATH: /home/focht/bin
PATH: /sbin
PATH: /usr/sbin
PATH: /home/focht/bin
PATH: /sbin
PATH: /usr/sbin
PATH: /home/focht/bin
PATH: /sbin
PATH: /usr/sbin
PATH: /home/focht/bin
PATH: /usr/local/bin
PATH: /usr/bin
PATH: /usr/X11R6/bin
PATH: /bin
PATH: /usr/games
PATH: /opt/gnome/bin
PATH: /opt/kde3/bin
PATH: /opt/cross/bin
PATH: /usr/lib64/jvm/jre/bin
PATH: /usr/lib/mit/bin
PATH: /usr/lib/mit/sbin
PATH: /usr/lib/qt3/bin
PATH: /home/focht/bin


## ----------- ##
## Core tests. ##
## ----------- ##

configure:1516: checking build system type
configure:1534: result: x86_64-unknown-linux-gnu
configure:1542: checking host system type
configure:1556: result: x86_64-unknown-linux-gnu
configure:1564: checking target system type
configure:1578: result: x86_64-unknown-linux-gnu
configure:1638: checking for gcc
configure:1654: found /usr/bin/gcc
configure:1664: result: gcc
configure:1908: checking for C compiler version
configure:1911: gcc --version </dev/null >&5
gcc (GCC) 4.1.2 20061115 (prerelease) (SUSE Linux)
Copyright (C) 2006 Free Software Foundation, Inc.
This is free software; see the source for copying conditions.  There is NO
warranty; not even for MERCHANTABILITY or FITNESS FOR A PARTICULAR PURPOSE.

configure:1914: $? = 0
configure:1916: gcc -v </dev/null >&5
Using built-in specs.
Target: x86_64-suse-linux
Configured with: ../configure --enable-threads=posix --prefix=/usr --with-local-prefix=/usr/local --infodir=/usr/share/info --mandir=/usr/share/man --libdir=/usr/lib64 --libexecdir=/usr/lib64 --enable-languages=c,c++,objc,fortran,obj-c++,java,ada --enable-checking=release --with-gxx-include-dir=/usr/include/c++/4.1.2 --enable-ssp --disable-libssp --disable-libgcj --with-slibdir=/lib64 --with-system-zlib --enable-shared --enable-__cxa_atexit --enable-libstdcxx-allocator=new --program-suffix=-4.1 --enable-version-specific-runtime-libs --without-system-libunwind --with-cpu=generic --host=x86_64-suse-linux
Thread model: posix
gcc version 4.1.2 20061115 (prerelease) (SUSE Linux)
configure:1919: $? = 0
configure:1921: gcc -V </dev/null >&5
gcc: '-V' option must have argument
configure:1924: $? = 1
configure:1947: checking for C compiler default output file name
configure:1950: gcc    conftest.c  >&5
configure:1953: $? = 0
configure:1999: result: a.out
configure:2004: checking whether the C compiler works
configure:2010: ./a.out
configure:2013: $? = 0
configure:2030: result: yes
configure:2037: checking whether we are cross compiling
configure:2039: result: no
configure:2042: checking for suffix of executables
configure:2044: gcc -o conftest    conftest.c  >&5
configure:2047: $? = 0
configure:2072: result: 
configure:2078: checking for suffix of object files
configure:2099: gcc -c   conftest.c >&5
configure:2102: $? = 0
configure:2124: result: o
configure:2128: checking whether we are using the GNU C compiler
configure:2152: gcc -c   conftest.c >&5
configure:2158: $? = 0
configure:2162: test -z 
			 || test ! -s conftest.err
configure:2165: $? = 0
configure:2168: test -s conftest.o
configure:2171: $? = 0
configure:2184: result: yes
configure:2190: checking whether gcc accepts -g
configure:2211: gcc -c -g  conftest.c >&5
configure:2217: $? = 0
configure:2221: test -z 
			 || test ! -s conftest.err
configure:2224: $? = 0
configure:2227: test -s conftest.o
configure:2230: $? = 0
configure:2241: result: yes
configure:2258: checking for gcc option to accept ANSI C
configure:2328: gcc  -c -g -O2  conftest.c >&5
configure:2334: $? = 0
configure:2338: test -z 
			 || test ! -s conftest.err
configure:2341: $? = 0
configure:2344: test -s conftest.o
configure:2347: $? = 0
configure:2365: result: none needed
configure:2383: gcc -c -g -O2  conftest.c >&5
conftest.c:2: error: expected '=', ',', ';', 'asm' or '__attribute__' before 'me'
configure:2389: $? = 1
configure: failed program was:
| #ifndef __cplusplus
|   choke me
| #endif
configure:2523: checking for library containing strerror
configure:2553: gcc -o conftest -g -O2   conftest.c  >&5
configure:2559: $? = 0
configure:2563: test -z 
			 || test ! -s conftest.err
configure:2566: $? = 0
configure:2569: test -s conftest
configure:2572: $? = 0
configure:2642: result: none required
configure:2664: checking for a BSD-compatible install
configure:2719: result: /usr/bin/install -c
configure:2730: checking whether build environment is sane
configure:2773: result: yes
configure:2838: checking for gawk
configure:2854: found /usr/bin/gawk
configure:2864: result: gawk
configure:2874: checking whether make sets $(MAKE)
configure:2894: result: yes
configure:2924: checking for style of include used by make
configure:2952: result: GNU
configure:3128: checking dependency style of gcc
configure:3218: result: gcc3
configure:3278: checking for ar
configure:3294: found /usr/bin/ar
configure:3304: result: ar
configure:3357: checking for ranlib
configure:3373: found /usr/bin/ranlib
configure:3384: result: ranlib
configure:3475: checking for gcc
configure:3501: result: gcc
configure:3745: checking for C compiler version
configure:3748: gcc --version </dev/null >&5
gcc (GCC) 4.1.2 20061115 (prerelease) (SUSE Linux)
Copyright (C) 2006 Free Software Foundation, Inc.
This is free software; see the source for copying conditions.  There is NO
warranty; not even for MERCHANTABILITY or FITNESS FOR A PARTICULAR PURPOSE.

configure:3751: $? = 0
configure:3753: gcc -v </dev/null >&5
Using built-in specs.
Target: x86_64-suse-linux
Configured with: ../configure --enable-threads=posix --prefix=/usr --with-local-prefix=/usr/local --infodir=/usr/share/info --mandir=/usr/share/man --libdir=/usr/lib64 --libexecdir=/usr/lib64 --enable-languages=c,c++,objc,fortran,obj-c++,java,ada --enable-checking=release --with-gxx-include-dir=/usr/include/c++/4.1.2 --enable-ssp --disable-libssp --disable-libgcj --with-slibdir=/lib64 --with-system-zlib --enable-shared --enable-__cxa_atexit --enable-libstdcxx-allocator=new --program-suffix=-4.1 --enable-version-specific-runtime-libs --without-system-libunwind --with-cpu=generic --host=x86_64-suse-linux
Thread model: posix
gcc version 4.1.2 20061115 (prerelease) (SUSE Linux)
configure:3756: $? = 0
configure:3758: gcc -V </dev/null >&5
gcc: '-V' option must have argument
configure:3761: $? = 1
configure:3764: checking whether we are using the GNU C compiler
configure:3820: result: yes
configure:3826: checking whether gcc accepts -g
configure:3877: result: yes
configure:3894: checking for gcc option to accept ANSI C
configure:4001: result: none needed
configure:4019: gcc -c -g -O2  conftest.c >&5
conftest.c:2: error: expected '=', ',', ';', 'asm' or '__attribute__' before 'me'
configure:4025: $? = 1
configure: failed program was:
| #ifndef __cplusplus
|   choke me
| #endif
configure:4271: checking for a sed that does not truncate output
configure:4327: result: /usr/bin/sed
configure:4343: checking for egrep
configure:4353: result: grep -E
configure:4358: checking for fgrep
configure:4368: result: grep -F
configure:4403: checking for ld used by gcc
configure:4470: result: /usr/x86_64-suse-linux/bin/ld
configure:4479: checking if the linker (/usr/x86_64-suse-linux/bin/ld) is GNU ld
configure:4494: result: yes
configure:4507: checking for BSD- or MS-compatible name lister (nm)
configure:4556: result: /usr/bin/nm -B
configure:4661: checking the name lister (/usr/bin/nm -B) interface
configure:4668: gcc -c -g -O2  conftest.c >&5
configure:4671: /usr/bin/nm -B "conftest.o"
configure:4674: output
0000000000000000 B some_variable
configure:4681: result: BSD nm
configure:4684: checking whether ln -s works
configure:4688: result: yes
configure:4696: checking the maximum length of command line arguments
configure:4816: result: 98304
configure:4834: checking whether the shell understands some XSI constructs
configure:4842: result: yes
configure:4846: checking whether the shell understands "+="
configure:4852: result: yes
configure:4887: checking for /usr/x86_64-suse-linux/bin/ld option to reload object files
configure:4894: result: -r
configure:4921: checking how to recognize dependent libraries
configure:5111: result: pass_all
configure:5169: checking for ar
configure:5196: result: ar
configure:5262: checking for strip
configure:5278: found /usr/bin/strip
configure:5289: result: strip
configure:5349: checking for ranlib
configure:5376: result: ranlib
configure:5456: checking command to parse /usr/bin/nm -B output from gcc object
configure:5573: gcc -c -g -O2  conftest.c >&5
configure:5576: $? = 0
configure:5580: /usr/bin/nm -B conftest.o \| sed -n -e 's/^.*[	 ]\([ABCDGIRSTW][ABCDGIRSTW]*\)[	 ][	 ]*\([_A-Za-z][_A-Za-z0-9]*\)$/\1 \2 \2/p' \> conftest.nm
configure:5583: $? = 0
configure:5637: gcc -o conftest -g -O2   conftest.c conftstm.o >&5
configure:5640: $? = 0
configure:5678: result: ok
configure:5768: gcc -c -g -O2  conftest.c >&5
configure:5771: $? = 0
configure:5920: checking how to run the C preprocessor
configure:5955: gcc -E  conftest.c
configure:5961: $? = 0
configure:5993: gcc -E  conftest.c
conftest.c:12:28: error: ac_nonexistent.h: No such file or directory
configure:5999: $? = 1
configure: failed program was:
| /* confdefs.h.  */
| 
| #define PACKAGE_NAME ""
| #define PACKAGE_TARNAME ""
| #define PACKAGE_VERSION ""
| #define PACKAGE_STRING ""
| #define PACKAGE_BUGREPORT ""
| #define PACKAGE "bfd"
| #define VERSION "2.17.50"
| #define _GNU_SOURCE 1
| /* end confdefs.h.  */
| #include <ac_nonexistent.h>
configure:6038: result: gcc -E
configure:6062: gcc -E  conftest.c
configure:6068: $? = 0
configure:6100: gcc -E  conftest.c
conftest.c:12:28: error: ac_nonexistent.h: No such file or directory
configure:6106: $? = 1
configure: failed program was:
| /* confdefs.h.  */
| 
| #define PACKAGE_NAME ""
| #define PACKAGE_TARNAME ""
| #define PACKAGE_VERSION ""
| #define PACKAGE_STRING ""
| #define PACKAGE_BUGREPORT ""
| #define PACKAGE "bfd"
| #define VERSION "2.17.50"
| #define _GNU_SOURCE 1
| /* end confdefs.h.  */
| #include <ac_nonexistent.h>
configure:6150: checking for ANSI C header files
configure:6175: gcc -c -g -O2  conftest.c >&5
configure:6181: $? = 0
configure:6185: test -z 
			 || test ! -s conftest.err
configure:6188: $? = 0
configure:6191: test -s conftest.o
configure:6194: $? = 0
configure:6283: gcc -o conftest -g -O2   conftest.c  >&5
conftest.c: In function 'main':
conftest.c:29: warning: incompatible implicit declaration of built-in function 'exit'
configure:6286: $? = 0
configure:6288: ./conftest
configure:6291: $? = 0
configure:6306: result: yes
configure:6330: checking for sys/types.h
configure:6346: gcc -c -g -O2  conftest.c >&5
configure:6352: $? = 0
configure:6356: test -z 
			 || test ! -s conftest.err
configure:6359: $? = 0
configure:6362: test -s conftest.o
configure:6365: $? = 0
configure:6376: result: yes
configure:6330: checking for sys/stat.h
configure:6346: gcc -c -g -O2  conftest.c >&5
configure:6352: $? = 0
configure:6356: test -z 
			 || test ! -s conftest.err
configure:6359: $? = 0
configure:6362: test -s conftest.o
configure:6365: $? = 0
configure:6376: result: yes
configure:6330: checking for stdlib.h
configure:6346: gcc -c -g -O2  conftest.c >&5
configure:6352: $? = 0
configure:6356: test -z 
			 || test ! -s conftest.err
configure:6359: $? = 0
configure:6362: test -s conftest.o
configure:6365: $? = 0
configure:6376: result: yes
configure:6330: checking for string.h
configure:6346: gcc -c -g -O2  conftest.c >&5
configure:6352: $? = 0
configure:6356: test -z 
			 || test ! -s conftest.err
configure:6359: $? = 0
configure:6362: test -s conftest.o
configure:6365: $? = 0
configure:6376: result: yes
configure:6330: checking for memory.h
configure:6346: gcc -c -g -O2  conftest.c >&5
configure:6352: $? = 0
configure:6356: test -z 
			 || test ! -s conftest.err
configure:6359: $? = 0
configure:6362: test -s conftest.o
configure:6365: $? = 0
configure:6376: result: yes
configure:6330: checking for strings.h
configure:6346: gcc -c -g -O2  conftest.c >&5
configure:6352: $? = 0
configure:6356: test -z 
			 || test ! -s conftest.err
configure:6359: $? = 0
configure:6362: test -s conftest.o
configure:6365: $? = 0
configure:6376: result: yes
configure:6330: checking for inttypes.h
configure:6346: gcc -c -g -O2  conftest.c >&5
configure:6352: $? = 0
configure:6356: test -z 
			 || test ! -s conftest.err
configure:6359: $? = 0
configure:6362: test -s conftest.o
configure:6365: $? = 0
configure:6376: result: yes
configure:6330: checking for stdint.h
configure:6346: gcc -c -g -O2  conftest.c >&5
configure:6352: $? = 0
configure:6356: test -z 
			 || test ! -s conftest.err
configure:6359: $? = 0
configure:6362: test -s conftest.o
configure:6365: $? = 0
configure:6376: result: yes
configure:6330: checking for unistd.h
configure:6346: gcc -c -g -O2  conftest.c >&5
configure:6352: $? = 0
configure:6356: test -z 
			 || test ! -s conftest.err
configure:6359: $? = 0
configure:6362: test -s conftest.o
configure:6365: $? = 0
configure:6376: result: yes
configure:6392: checking for dlfcn.h
configure:6408: gcc -c -g -O2  conftest.c >&5
configure:6414: $? = 0
configure:6418: test -z 
			 || test ! -s conftest.err
configure:6421: $? = 0
configure:6424: test -s conftest.o
configure:6427: $? = 0
configure:6438: result: yes
configure:6500: checking for objdir
configure:6515: result: .libs
configure:6811: checking if gcc supports -fno-rtti -fno-exceptions
configure:6829: gcc -c -g -O2  -fno-rtti -fno-exceptions conftest.c >&5
cc1: warning: command line option "-fno-rtti" is valid for C++/ObjC++ but not for C
configure:6833: $? = 0
configure:6846: result: no
configure:6866: checking for gcc option to produce PIC
configure:7121: result: -fPIC -DPIC
configure:7133: checking if gcc PIC flag -fPIC -DPIC works
configure:7151: gcc -c -g -O2  -fPIC -DPIC -DPIC conftest.c >&5
configure:7155: $? = 0
configure:7168: result: yes
configure:7192: checking if gcc static flag -static works
configure:7220: result: yes
configure:7235: checking if gcc supports -c -o file.o
configure:7256: gcc -c -g -O2  -o out/conftest2.o conftest.c >&5
configure:7260: $? = 0
configure:7282: result: yes
configure:7290: checking if gcc supports -c -o file.o
configure:7337: result: yes
configure:7370: checking whether the gcc linker (/usr/x86_64-suse-linux/bin/ld -m elf_x86_64) supports shared libraries
configure:8450: result: yes
configure:8689: checking dynamic linker characteristics
configure:9122: gcc -o conftest -g -O2   -Wl,-rpath -Wl,/foo conftest.c  >&5
configure:9128: $? = 0
configure:9132: test -z 
			 || test ! -s conftest.err
configure:9135: $? = 0
configure:9138: test -s conftest
configure:9141: $? = 0
configure:9365: result: GNU/Linux ld.so
configure:9460: checking how to hardcode library paths into programs
configure:9485: result: immediate
configure:10331: checking whether stripping libraries is possible
configure:10336: result: yes
configure:10371: checking if libtool supports shared libraries
configure:10373: result: yes
configure:10376: checking whether to build shared libraries
configure:10397: result: no
configure:10400: checking whether to build static libraries
configure:10404: result: yes
configure:10630: checking whether to enable maintainer-specific portions of Makefiles
configure:10639: result: no
configure:10679: checking whether to install libbfd
configure:10692: result: yes
configure:10742: checking whether NLS is requested
configure:10745: result: no
configure:10815: checking whether NLS is requested
configure:10824: result: yes
configure:10862: checking for msgfmt
configure:10893: result: /usr/bin/msgfmt
configure:10902: checking for gmsgfmt
configure:10933: result: /usr/bin/msgfmt
configure:10972: checking for xgettext
configure:11003: result: /usr/bin/xgettext
configure:11043: checking for msgmerge
configure:11073: result: /usr/bin/msgmerge
configure:11126: checking for a BSD-compatible install
configure:11181: result: /usr/bin/install -c
configure:11199: checking for long long
configure:11220: gcc -c -g -O2  conftest.c >&5
configure:11226: $? = 0
configure:11230: test -z 
			 || test ! -s conftest.err
configure:11233: $? = 0
configure:11236: test -s conftest.o
configure:11239: $? = 0
configure:11251: result: yes
configure:11255: checking for long long
configure:11279: gcc -c -g -O2  conftest.c >&5
configure:11285: $? = 0
configure:11289: test -z 
			 || test ! -s conftest.err
configure:11292: $? = 0
configure:11295: test -s conftest.o
configure:11298: $? = 0
configure:11309: result: yes
configure:11312: checking size of long long
configure:11631: gcc -o conftest -g -O2   conftest.c  >&5
configure:11634: $? = 0
configure:11636: ./conftest
configure:11639: $? = 0
configure:11662: result: 8
configure:11671: checking for long
configure:11695: gcc -c -g -O2  conftest.c >&5
configure:11701: $? = 0
configure:11705: test -z 
			 || test ! -s conftest.err
configure:11708: $? = 0
configure:11711: test -s conftest.o
configure:11714: $? = 0
configure:11725: result: yes
configure:11728: checking size of long
configure:12047: gcc -o conftest -g -O2   conftest.c  >&5
configure:12050: $? = 0
configure:12052: ./conftest
configure:12055: $? = 0
configure:12078: result: 8
configure:12164: checking stddef.h usability
configure:12176: gcc -c -g -O2  conftest.c >&5
configure:12182: $? = 0
configure:12186: test -z 
			 || test ! -s conftest.err
configure:12189: $? = 0
configure:12192: test -s conftest.o
configure:12195: $? = 0
configure:12205: result: yes
configure:12209: checking stddef.h presence
configure:12219: gcc -E  conftest.c
configure:12225: $? = 0
configure:12245: result: yes
configure:12280: checking for stddef.h
configure:12287: result: yes
configure:12155: checking for string.h
configure:12160: result: yes
configure:12155: checking for strings.h
configure:12160: result: yes
configure:12155: checking for stdlib.h
configure:12160: result: yes
configure:12164: checking time.h usability
configure:12176: gcc -c -g -O2  conftest.c >&5
configure:12182: $? = 0
configure:12186: test -z 
			 || test ! -s conftest.err
configure:12189: $? = 0
configure:12192: test -s conftest.o
configure:12195: $? = 0
configure:12205: result: yes
configure:12209: checking time.h presence
configure:12219: gcc -E  conftest.c
configure:12225: $? = 0
configure:12245: result: yes
configure:12280: checking for time.h
configure:12287: result: yes
configure:12155: checking for unistd.h
configure:12160: result: yes
configure:12316: checking fcntl.h usability
configure:12328: gcc -c -g -O2  conftest.c >&5
configure:12334: $? = 0
configure:12338: test -z 
			 || test ! -s conftest.err
configure:12341: $? = 0
configure:12344: test -s conftest.o
configure:12347: $? = 0
configure:12357: result: yes
configure:12361: checking fcntl.h presence
configure:12371: gcc -E  conftest.c
configure:12377: $? = 0
configure:12397: result: yes
configure:12432: checking for fcntl.h
configure:12439: result: yes
configure:12316: checking sys/file.h usability
configure:12328: gcc -c -g -O2  conftest.c >&5
configure:12334: $? = 0
configure:12338: test -z 
			 || test ! -s conftest.err
configure:12341: $? = 0
configure:12344: test -s conftest.o
configure:12347: $? = 0
configure:12357: result: yes
configure:12361: checking sys/file.h presence
configure:12371: gcc -E  conftest.c
configure:12377: $? = 0
configure:12397: result: yes
configure:12432: checking for sys/file.h
configure:12439: result: yes
configure:12316: checking sys/time.h usability
configure:12328: gcc -c -g -O2  conftest.c >&5
configure:12334: $? = 0
configure:12338: test -z 
			 || test ! -s conftest.err
configure:12341: $? = 0
configure:12344: test -s conftest.o
configure:12347: $? = 0
configure:12357: result: yes
configure:12361: checking sys/time.h presence
configure:12371: gcc -E  conftest.c
configure:12377: $? = 0
configure:12397: result: yes
configure:12432: checking for sys/time.h
configure:12439: result: yes
configure:12465: checking for uintmax_t
configure:12491: gcc -c -g -O2  conftest.c >&5
configure:12497: $? = 0
configure:12501: test -z 
			 || test ! -s conftest.err
configure:12504: $? = 0
configure:12507: test -s conftest.o
configure:12510: $? = 0
configure:12521: result: yes
configure:12529: checking for uintptr_t
configure:12555: gcc -c -g -O2  conftest.c >&5
configure:12561: $? = 0
configure:12565: test -z 
			 || test ! -s conftest.err
configure:12568: $? = 0
configure:12571: test -s conftest.o
configure:12574: $? = 0
configure:12585: result: yes
configure:12593: checking for int_least32_t
configure:12619: gcc -c -g -O2  conftest.c >&5
configure:12625: $? = 0
configure:12629: test -z 
			 || test ! -s conftest.err
configure:12632: $? = 0
configure:12635: test -s conftest.o
configure:12638: $? = 0
configure:12649: result: yes
configure:12657: checking for int_fast32_t
configure:12683: gcc -c -g -O2  conftest.c >&5
configure:12689: $? = 0
configure:12693: test -z 
			 || test ! -s conftest.err
configure:12696: $? = 0
configure:12699: test -s conftest.o
configure:12702: $? = 0
configure:12713: result: yes
configure:12721: checking for uint64_t
configure:12747: gcc -c -g -O2  conftest.c >&5
configure:12753: $? = 0
configure:12757: test -z 
			 || test ! -s conftest.err
configure:12760: $? = 0
configure:12763: test -s conftest.o
configure:12766: $? = 0
configure:12777: result: yes
configure:13123: checking what to include in bfd_stdint.h
configure:13143: result: stdint.h (already complete)
configure:15299: checking whether time.h and sys/time.h may both be included
configure:15324: gcc -c -g -O2  conftest.c >&5
configure:15330: $? = 0
configure:15334: test -z 
			 || test ! -s conftest.err
configure:15337: $? = 0
configure:15340: test -s conftest.o
configure:15343: $? = 0
configure:15354: result: yes
configure:15372: checking for dirent.h that defines DIR
configure:15396: gcc -c -g -O2  conftest.c >&5
configure:15402: $? = 0
configure:15406: test -z 
			 || test ! -s conftest.err
configure:15409: $? = 0
configure:15412: test -s conftest.o
configure:15415: $? = 0
configure:15426: result: yes
configure:15439: checking for library containing opendir
configure:15469: gcc -o conftest -g -O2   conftest.c  >&5
configure:15475: $? = 0
configure:15479: test -z 
			 || test ! -s conftest.err
configure:15482: $? = 0
configure:15485: test -s conftest
configure:15488: $? = 0
configure:15558: result: none required
configure:15694: checking whether string.h and strings.h may both be included
configure:15716: gcc -c -g -O2  conftest.c >&5
configure:15722: $? = 0
configure:15726: test -z 
			 || test ! -s conftest.err
configure:15729: $? = 0
configure:15732: test -s conftest.o
configure:15735: $? = 0
configure:15746: result: yes
configure:15766: checking for fcntl
configure:15823: gcc -o conftest -g -O2   conftest.c  >&5
configure:15829: $? = 0
configure:15833: test -z 
			 || test ! -s conftest.err
configure:15836: $? = 0
configure:15839: test -s conftest
configure:15842: $? = 0
configure:15854: result: yes
configure:15766: checking for getpagesize
configure:15823: gcc -o conftest -g -O2   conftest.c  >&5
configure:15829: $? = 0
configure:15833: test -z 
			 || test ! -s conftest.err
configure:15836: $? = 0
configure:15839: test -s conftest
configure:15842: $? = 0
configure:15854: result: yes
configure:15766: checking for setitimer
configure:15823: gcc -o conftest -g -O2   conftest.c  >&5
configure:15829: $? = 0
configure:15833: test -z 
			 || test ! -s conftest.err
configure:15836: $? = 0
configure:15839: test -s conftest
configure:15842: $? = 0
configure:15854: result: yes
configure:15766: checking for sysconf
configure:15823: gcc -o conftest -g -O2   conftest.c  >&5
configure:15829: $? = 0
configure:15833: test -z 
			 || test ! -s conftest.err
configure:15836: $? = 0
configure:15839: test -s conftest
configure:15842: $? = 0
configure:15854: result: yes
configure:15766: checking for fdopen
configure:15823: gcc -o conftest -g -O2   conftest.c  >&5
configure:15829: $? = 0
configure:15833: test -z 
			 || test ! -s conftest.err
configure:15836: $? = 0
configure:15839: test -s conftest
configure:15842: $? = 0
configure:15854: result: yes
configure:15766: checking for getuid
configure:15823: gcc -o conftest -g -O2   conftest.c  >&5
configure:15829: $? = 0
configure:15833: test -z 
			 || test ! -s conftest.err
configure:15836: $? = 0
configure:15839: test -s conftest
configure:15842: $? = 0
configure:15854: result: yes
configure:15766: checking for getgid
configure:15823: gcc -o conftest -g -O2   conftest.c  >&5
configure:15829: $? = 0
configure:15833: test -z 
			 || test ! -s conftest.err
configure:15836: $? = 0
configure:15839: test -s conftest
configure:15842: $? = 0
configure:15854: result: yes
configure:15868: checking for strtoull
configure:15925: gcc -o conftest -g -O2   conftest.c  >&5
configure:15931: $? = 0
configure:15935: test -z 
			 || test ! -s conftest.err
configure:15938: $? = 0
configure:15941: test -s conftest
configure:15944: $? = 0
configure:15956: result: yes
configure:15967: checking whether basename is declared
configure:15991: gcc -c -g -O2  conftest.c >&5
configure:15997: $? = 0
configure:16001: test -z 
			 || test ! -s conftest.err
configure:16004: $? = 0
configure:16007: test -s conftest.o
configure:16010: $? = 0
configure:16021: result: yes
configure:16039: checking whether ftello is declared
configure:16063: gcc -c -g -O2  conftest.c >&5
configure:16069: $? = 0
configure:16073: test -z 
			 || test ! -s conftest.err
configure:16076: $? = 0
configure:16079: test -s conftest.o
configure:16082: $? = 0
configure:16093: result: yes
configure:16111: checking whether ftello64 is declared
configure:16135: gcc -c -g -O2  conftest.c >&5
configure:16141: $? = 0
configure:16145: test -z 
			 || test ! -s conftest.err
configure:16148: $? = 0
configure:16151: test -s conftest.o
configure:16154: $? = 0
configure:16165: result: yes
configure:16183: checking whether fseeko is declared
configure:16207: gcc -c -g -O2  conftest.c >&5
configure:16213: $? = 0
configure:16217: test -z 
			 || test ! -s conftest.err
configure:16220: $? = 0
configure:16223: test -s conftest.o
configure:16226: $? = 0
configure:16237: result: yes
configure:16255: checking whether fseeko64 is declared
configure:16279: gcc -c -g -O2  conftest.c >&5
configure:16285: $? = 0
configure:16289: test -z 
			 || test ! -s conftest.err
configure:16292: $? = 0
configure:16295: test -s conftest.o
configure:16298: $? = 0
configure:16309: result: yes
configure:16338: checking whether ffs is declared
configure:16362: gcc -c -g -O2  conftest.c >&5
configure:16368: $? = 0
configure:16372: test -z 
			 || test ! -s conftest.err
configure:16375: $? = 0
configure:16378: test -s conftest.o
configure:16381: $? = 0
configure:16392: result: yes
configure:16410: checking whether free is declared
configure:16434: gcc -c -g -O2  conftest.c >&5
configure:16440: $? = 0
configure:16444: test -z 
			 || test ! -s conftest.err
configure:16447: $? = 0
configure:16450: test -s conftest.o
configure:16453: $? = 0
configure:16464: result: yes
configure:16482: checking whether getenv is declared
configure:16506: gcc -c -g -O2  conftest.c >&5
configure:16512: $? = 0
configure:16516: test -z 
			 || test ! -s conftest.err
configure:16519: $? = 0
configure:16522: test -s conftest.o
configure:16525: $? = 0
configure:16536: result: yes
configure:16554: checking whether malloc is declared
configure:16578: gcc -c -g -O2  conftest.c >&5
configure:16584: $? = 0
configure:16588: test -z 
			 || test ! -s conftest.err
configure:16591: $? = 0
configure:16594: test -s conftest.o
configure:16597: $? = 0
configure:16608: result: yes
configure:16626: checking whether realloc is declared
configure:16650: gcc -c -g -O2  conftest.c >&5
configure:16656: $? = 0
configure:16660: test -z 
			 || test ! -s conftest.err
configure:16663: $? = 0
configure:16666: test -s conftest.o
configure:16669: $? = 0
configure:16680: result: yes
configure:16698: checking whether stpcpy is declared
configure:16722: gcc -c -g -O2  conftest.c >&5
configure:16728: $? = 0
configure:16732: test -z 
			 || test ! -s conftest.err
configure:16735: $? = 0
configure:16738: test -s conftest.o
configure:16741: $? = 0
configure:16752: result: yes
configure:16770: checking whether strstr is declared
configure:16794: gcc -c -g -O2  conftest.c >&5
configure:16800: $? = 0
configure:16804: test -z 
			 || test ! -s conftest.err
configure:16807: $? = 0
configure:16810: test -s conftest.o
configure:16813: $? = 0
configure:16824: result: yes
configure:16842: checking whether snprintf is declared
configure:16866: gcc -c -g -O2  conftest.c >&5
configure:16872: $? = 0
configure:16876: test -z 
			 || test ! -s conftest.err
configure:16879: $? = 0
configure:16882: test -s conftest.o
configure:16885: $? = 0
configure:16896: result: yes
configure:16914: checking whether vsnprintf is declared
configure:16938: gcc -c -g -O2  conftest.c >&5
configure:16944: $? = 0
configure:16948: test -z 
			 || test ! -s conftest.err
configure:16951: $? = 0
configure:16954: test -s conftest.o
configure:16957: $? = 0
configure:16968: result: yes
configure:17279: checking sys/procfs.h usability
configure:17291: gcc -c -g -O2  conftest.c >&5
configure:17297: $? = 0
configure:17301: test -z 
			 || test ! -s conftest.err
configure:17304: $? = 0
configure:17307: test -s conftest.o
configure:17310: $? = 0
configure:17320: result: yes
configure:17324: checking sys/procfs.h presence
configure:17334: gcc -E  conftest.c
configure:17340: $? = 0
configure:17360: result: yes
configure:17395: checking for sys/procfs.h
configure:17402: result: yes
configure:17416: checking for prstatus_t in sys/procfs.h
configure:17439: gcc -c -g -O2  conftest.c >&5
configure:17445: $? = 0
configure:17449: test -z 
			 || test ! -s conftest.err
configure:17452: $? = 0
configure:17455: test -s conftest.o
configure:17458: $? = 0
configure:17478: result: yes
configure:17481: checking for prstatus32_t in sys/procfs.h
configure:17504: gcc -c -g -O2  conftest.c >&5
conftest.c: In function 'main':
conftest.c:68: error: 'prstatus32_t' undeclared (first use in this function)
conftest.c:68: error: (Each undeclared identifier is reported only once
conftest.c:68: error: for each function it appears in.)
conftest.c:68: error: expected ';' before 'avar'
configure:17510: $? = 1
configure: failed program was:
| /* confdefs.h.  */
| 
| #define PACKAGE_NAME ""
| #define PACKAGE_TARNAME ""
| #define PACKAGE_VERSION ""
| #define PACKAGE_STRING ""
| #define PACKAGE_BUGREPORT ""
| #define PACKAGE "bfd"
| #define VERSION "2.17.50"
| #define _GNU_SOURCE 1
| #define STDC_HEADERS 1
| #define HAVE_SYS_TYPES_H 1
| #define HAVE_SYS_STAT_H 1
| #define HAVE_STDLIB_H 1
| #define HAVE_STRING_H 1
| #define HAVE_MEMORY_H 1
| #define HAVE_STRINGS_H 1
| #define HAVE_INTTYPES_H 1
| #define HAVE_STDINT_H 1
| #define HAVE_UNISTD_H 1
| #define HAVE_DLFCN_H 1
| #define LT_OBJDIR ".libs/"
| #define SIZEOF_LONG_LONG 8
| #define SIZEOF_LONG 8
| #define HAVE_STDDEF_H 1
| #define HAVE_STRING_H 1
| #define HAVE_STRINGS_H 1
| #define HAVE_STDLIB_H 1
| #define HAVE_TIME_H 1
| #define HAVE_UNISTD_H 1
| #define HAVE_FCNTL_H 1
| #define HAVE_SYS_FILE_H 1
| #define HAVE_SYS_TIME_H 1
| #define TIME_WITH_SYS_TIME 1
| #define HAVE_DIRENT_H 1
| #define STRING_WITH_STRINGS 1
| #define HAVE_FCNTL 1
| #define HAVE_GETPAGESIZE 1
| #define HAVE_SETITIMER 1
| #define HAVE_SYSCONF 1
| #define HAVE_FDOPEN 1
| #define HAVE_GETUID 1
| #define HAVE_GETGID 1
| #define HAVE_STRTOULL 1
| #define HAVE_DECL_BASENAME 1
| #define HAVE_DECL_FTELLO 1
| #define HAVE_DECL_FTELLO64 1
| #define HAVE_DECL_FSEEKO 1
| #define HAVE_DECL_FSEEKO64 1
| #define HAVE_DECL_FFS 1
| #define HAVE_DECL_FREE 1
| #define HAVE_DECL_GETENV 1
| #define HAVE_DECL_MALLOC 1
| #define HAVE_DECL_REALLOC 1
| #define HAVE_DECL_STPCPY 1
| #define HAVE_DECL_STRSTR 1
| #define HAVE_DECL_SNPRINTF 1
| #define HAVE_DECL_VSNPRINTF 1
| #define HAVE_SYS_PROCFS_H 1
| #define HAVE_PRSTATUS_T 1
| /* end confdefs.h.  */
| 
| #define _SYSCALL32
| #include <sys/procfs.h>
| int
| main ()
| {
| prstatus32_t avar
|   ;
|   return 0;
| }
configure:17543: result: no
configure:17546: checking for prstatus_t.pr_who in sys/procfs.h
configure:17569: gcc -c -g -O2  conftest.c >&5
conftest.c: In function 'main':
conftest.c:68: error: 'prstatus_t' has no member named 'pr_who'
configure:17575: $? = 1
configure: failed program was:
| /* confdefs.h.  */
| 
| #define PACKAGE_NAME ""
| #define PACKAGE_TARNAME ""
| #define PACKAGE_VERSION ""
| #define PACKAGE_STRING ""
| #define PACKAGE_BUGREPORT ""
| #define PACKAGE "bfd"
| #define VERSION "2.17.50"
| #define _GNU_SOURCE 1
| #define STDC_HEADERS 1
| #define HAVE_SYS_TYPES_H 1
| #define HAVE_SYS_STAT_H 1
| #define HAVE_STDLIB_H 1
| #define HAVE_STRING_H 1
| #define HAVE_MEMORY_H 1
| #define HAVE_STRINGS_H 1
| #define HAVE_INTTYPES_H 1
| #define HAVE_STDINT_H 1
| #define HAVE_UNISTD_H 1
| #define HAVE_DLFCN_H 1
| #define LT_OBJDIR ".libs/"
| #define SIZEOF_LONG_LONG 8
| #define SIZEOF_LONG 8
| #define HAVE_STDDEF_H 1
| #define HAVE_STRING_H 1
| #define HAVE_STRINGS_H 1
| #define HAVE_STDLIB_H 1
| #define HAVE_TIME_H 1
| #define HAVE_UNISTD_H 1
| #define HAVE_FCNTL_H 1
| #define HAVE_SYS_FILE_H 1
| #define HAVE_SYS_TIME_H 1
| #define TIME_WITH_SYS_TIME 1
| #define HAVE_DIRENT_H 1
| #define STRING_WITH_STRINGS 1
| #define HAVE_FCNTL 1
| #define HAVE_GETPAGESIZE 1
| #define HAVE_SETITIMER 1
| #define HAVE_SYSCONF 1
| #define HAVE_FDOPEN 1
| #define HAVE_GETUID 1
| #define HAVE_GETGID 1
| #define HAVE_STRTOULL 1
| #define HAVE_DECL_BASENAME 1
| #define HAVE_DECL_FTELLO 1
| #define HAVE_DECL_FTELLO64 1
| #define HAVE_DECL_FSEEKO 1
| #define HAVE_DECL_FSEEKO64 1
| #define HAVE_DECL_FFS 1
| #define HAVE_DECL_FREE 1
| #define HAVE_DECL_GETENV 1
| #define HAVE_DECL_MALLOC 1
| #define HAVE_DECL_REALLOC 1
| #define HAVE_DECL_STPCPY 1
| #define HAVE_DECL_STRSTR 1
| #define HAVE_DECL_SNPRINTF 1
| #define HAVE_DECL_VSNPRINTF 1
| #define HAVE_SYS_PROCFS_H 1
| #define HAVE_PRSTATUS_T 1
| /* end confdefs.h.  */
| 
| #define _SYSCALL32
| #include <sys/procfs.h>
| int
| main ()
| {
| prstatus_t avar; void* aref = (void*) &avar.pr_who
|   ;
|   return 0;
| }
configure:17608: result: no
configure:17611: checking for prstatus32_t.pr_who in sys/procfs.h
configure:17634: gcc -c -g -O2  conftest.c >&5
conftest.c: In function 'main':
conftest.c:68: error: 'prstatus32_t' undeclared (first use in this function)
conftest.c:68: error: (Each undeclared identifier is reported only once
conftest.c:68: error: for each function it appears in.)
conftest.c:68: error: expected ';' before 'avar'
conftest.c:68: error: 'avar' undeclared (first use in this function)
configure:17640: $? = 1
configure: failed program was:
| /* confdefs.h.  */
| 
| #define PACKAGE_NAME ""
| #define PACKAGE_TARNAME ""
| #define PACKAGE_VERSION ""
| #define PACKAGE_STRING ""
| #define PACKAGE_BUGREPORT ""
| #define PACKAGE "bfd"
| #define VERSION "2.17.50"
| #define _GNU_SOURCE 1
| #define STDC_HEADERS 1
| #define HAVE_SYS_TYPES_H 1
| #define HAVE_SYS_STAT_H 1
| #define HAVE_STDLIB_H 1
| #define HAVE_STRING_H 1
| #define HAVE_MEMORY_H 1
| #define HAVE_STRINGS_H 1
| #define HAVE_INTTYPES_H 1
| #define HAVE_STDINT_H 1
| #define HAVE_UNISTD_H 1
| #define HAVE_DLFCN_H 1
| #define LT_OBJDIR ".libs/"
| #define SIZEOF_LONG_LONG 8
| #define SIZEOF_LONG 8
| #define HAVE_STDDEF_H 1
| #define HAVE_STRING_H 1
| #define HAVE_STRINGS_H 1
| #define HAVE_STDLIB_H 1
| #define HAVE_TIME_H 1
| #define HAVE_UNISTD_H 1
| #define HAVE_FCNTL_H 1
| #define HAVE_SYS_FILE_H 1
| #define HAVE_SYS_TIME_H 1
| #define TIME_WITH_SYS_TIME 1
| #define HAVE_DIRENT_H 1
| #define STRING_WITH_STRINGS 1
| #define HAVE_FCNTL 1
| #define HAVE_GETPAGESIZE 1
| #define HAVE_SETITIMER 1
| #define HAVE_SYSCONF 1
| #define HAVE_FDOPEN 1
| #define HAVE_GETUID 1
| #define HAVE_GETGID 1
| #define HAVE_STRTOULL 1
| #define HAVE_DECL_BASENAME 1
| #define HAVE_DECL_FTELLO 1
| #define HAVE_DECL_FTELLO64 1
| #define HAVE_DECL_FSEEKO 1
| #define HAVE_DECL_FSEEKO64 1
| #define HAVE_DECL_FFS 1
| #define HAVE_DECL_FREE 1
| #define HAVE_DECL_GETENV 1
| #define HAVE_DECL_MALLOC 1
| #define HAVE_DECL_REALLOC 1
| #define HAVE_DECL_STPCPY 1
| #define HAVE_DECL_STRSTR 1
| #define HAVE_DECL_SNPRINTF 1
| #define HAVE_DECL_VSNPRINTF 1
| #define HAVE_SYS_PROCFS_H 1
| #define HAVE_PRSTATUS_T 1
| /* end confdefs.h.  */
| 
| #define _SYSCALL32
| #include <sys/procfs.h>
| int
| main ()
| {
| prstatus32_t avar; void* aref = (void*) &avar.pr_who
|   ;
|   return 0;
| }
configure:17673: result: no
configure:17676: checking for pstatus_t in sys/procfs.h
configure:17699: gcc -c -g -O2  conftest.c >&5
conftest.c: In function 'main':
conftest.c:68: error: 'pstatus_t' undeclared (first use in this function)
conftest.c:68: error: (Each undeclared identifier is reported only once
conftest.c:68: error: for each function it appears in.)
conftest.c:68: error: expected ';' before 'avar'
configure:17705: $? = 1
configure: failed program was:
| /* confdefs.h.  */
| 
| #define PACKAGE_NAME ""
| #define PACKAGE_TARNAME ""
| #define PACKAGE_VERSION ""
| #define PACKAGE_STRING ""
| #define PACKAGE_BUGREPORT ""
| #define PACKAGE "bfd"
| #define VERSION "2.17.50"
| #define _GNU_SOURCE 1
| #define STDC_HEADERS 1
| #define HAVE_SYS_TYPES_H 1
| #define HAVE_SYS_STAT_H 1
| #define HAVE_STDLIB_H 1
| #define HAVE_STRING_H 1
| #define HAVE_MEMORY_H 1
| #define HAVE_STRINGS_H 1
| #define HAVE_INTTYPES_H 1
| #define HAVE_STDINT_H 1
| #define HAVE_UNISTD_H 1
| #define HAVE_DLFCN_H 1
| #define LT_OBJDIR ".libs/"
| #define SIZEOF_LONG_LONG 8
| #define SIZEOF_LONG 8
| #define HAVE_STDDEF_H 1
| #define HAVE_STRING_H 1
| #define HAVE_STRINGS_H 1
| #define HAVE_STDLIB_H 1
| #define HAVE_TIME_H 1
| #define HAVE_UNISTD_H 1
| #define HAVE_FCNTL_H 1
| #define HAVE_SYS_FILE_H 1
| #define HAVE_SYS_TIME_H 1
| #define TIME_WITH_SYS_TIME 1
| #define HAVE_DIRENT_H 1
| #define STRING_WITH_STRINGS 1
| #define HAVE_FCNTL 1
| #define HAVE_GETPAGESIZE 1
| #define HAVE_SETITIMER 1
| #define HAVE_SYSCONF 1
| #define HAVE_FDOPEN 1
| #define HAVE_GETUID 1
| #define HAVE_GETGID 1
| #define HAVE_STRTOULL 1
| #define HAVE_DECL_BASENAME 1
| #define HAVE_DECL_FTELLO 1
| #define HAVE_DECL_FTELLO64 1
| #define HAVE_DECL_FSEEKO 1
| #define HAVE_DECL_FSEEKO64 1
| #define HAVE_DECL_FFS 1
| #define HAVE_DECL_FREE 1
| #define HAVE_DECL_GETENV 1
| #define HAVE_DECL_MALLOC 1
| #define HAVE_DECL_REALLOC 1
| #define HAVE_DECL_STPCPY 1
| #define HAVE_DECL_STRSTR 1
| #define HAVE_DECL_SNPRINTF 1
| #define HAVE_DECL_VSNPRINTF 1
| #define HAVE_SYS_PROCFS_H 1
| #define HAVE_PRSTATUS_T 1
| /* end confdefs.h.  */
| 
| #define _SYSCALL32
| #include <sys/procfs.h>
| int
| main ()
| {
| pstatus_t avar
|   ;
|   return 0;
| }
configure:17738: result: no
configure:17741: checking for pxstatus_t in sys/procfs.h
configure:17764: gcc -c -g -O2  conftest.c >&5
conftest.c: In function 'main':
conftest.c:68: error: 'pxstatus_t' undeclared (first use in this function)
conftest.c:68: error: (Each undeclared identifier is reported only once
conftest.c:68: error: for each function it appears in.)
conftest.c:68: error: expected ';' before 'avar'
configure:17770: $? = 1
configure: failed program was:
| /* confdefs.h.  */
| 
| #define PACKAGE_NAME ""
| #define PACKAGE_TARNAME ""
| #define PACKAGE_VERSION ""
| #define PACKAGE_STRING ""
| #define PACKAGE_BUGREPORT ""
| #define PACKAGE "bfd"
| #define VERSION "2.17.50"
| #define _GNU_SOURCE 1
| #define STDC_HEADERS 1
| #define HAVE_SYS_TYPES_H 1
| #define HAVE_SYS_STAT_H 1
| #define HAVE_STDLIB_H 1
| #define HAVE_STRING_H 1
| #define HAVE_MEMORY_H 1
| #define HAVE_STRINGS_H 1
| #define HAVE_INTTYPES_H 1
| #define HAVE_STDINT_H 1
| #define HAVE_UNISTD_H 1
| #define HAVE_DLFCN_H 1
| #define LT_OBJDIR ".libs/"
| #define SIZEOF_LONG_LONG 8
| #define SIZEOF_LONG 8
| #define HAVE_STDDEF_H 1
| #define HAVE_STRING_H 1
| #define HAVE_STRINGS_H 1
| #define HAVE_STDLIB_H 1
| #define HAVE_TIME_H 1
| #define HAVE_UNISTD_H 1
| #define HAVE_FCNTL_H 1
| #define HAVE_SYS_FILE_H 1
| #define HAVE_SYS_TIME_H 1
| #define TIME_WITH_SYS_TIME 1
| #define HAVE_DIRENT_H 1
| #define STRING_WITH_STRINGS 1
| #define HAVE_FCNTL 1
| #define HAVE_GETPAGESIZE 1
| #define HAVE_SETITIMER 1
| #define HAVE_SYSCONF 1
| #define HAVE_FDOPEN 1
| #define HAVE_GETUID 1
| #define HAVE_GETGID 1
| #define HAVE_STRTOULL 1
| #define HAVE_DECL_BASENAME 1
| #define HAVE_DECL_FTELLO 1
| #define HAVE_DECL_FTELLO64 1
| #define HAVE_DECL_FSEEKO 1
| #define HAVE_DECL_FSEEKO64 1
| #define HAVE_DECL_FFS 1
| #define HAVE_DECL_FREE 1
| #define HAVE_DECL_GETENV 1
| #define HAVE_DECL_MALLOC 1
| #define HAVE_DECL_REALLOC 1
| #define HAVE_DECL_STPCPY 1
| #define HAVE_DECL_STRSTR 1
| #define HAVE_DECL_SNPRINTF 1
| #define HAVE_DECL_VSNPRINTF 1
| #define HAVE_SYS_PROCFS_H 1
| #define HAVE_PRSTATUS_T 1
| /* end confdefs.h.  */
| 
| #define _SYSCALL32
| #include <sys/procfs.h>
| int
| main ()
| {
| pxstatus_t avar
|   ;
|   return 0;
| }
configure:17803: result: no
configure:17806: checking for pstatus32_t in sys/procfs.h
configure:17829: gcc -c -g -O2  conftest.c >&5
conftest.c: In function 'main':
conftest.c:68: error: 'pstatus32_t' undeclared (first use in this function)
conftest.c:68: error: (Each undeclared identifier is reported only once
conftest.c:68: error: for each function it appears in.)
conftest.c:68: error: expected ';' before 'avar'
configure:17835: $? = 1
configure: failed program was:
| /* confdefs.h.  */
| 
| #define PACKAGE_NAME ""
| #define PACKAGE_TARNAME ""
| #define PACKAGE_VERSION ""
| #define PACKAGE_STRING ""
| #define PACKAGE_BUGREPORT ""
| #define PACKAGE "bfd"
| #define VERSION "2.17.50"
| #define _GNU_SOURCE 1
| #define STDC_HEADERS 1
| #define HAVE_SYS_TYPES_H 1
| #define HAVE_SYS_STAT_H 1
| #define HAVE_STDLIB_H 1
| #define HAVE_STRING_H 1
| #define HAVE_MEMORY_H 1
| #define HAVE_STRINGS_H 1
| #define HAVE_INTTYPES_H 1
| #define HAVE_STDINT_H 1
| #define HAVE_UNISTD_H 1
| #define HAVE_DLFCN_H 1
| #define LT_OBJDIR ".libs/"
| #define SIZEOF_LONG_LONG 8
| #define SIZEOF_LONG 8
| #define HAVE_STDDEF_H 1
| #define HAVE_STRING_H 1
| #define HAVE_STRINGS_H 1
| #define HAVE_STDLIB_H 1
| #define HAVE_TIME_H 1
| #define HAVE_UNISTD_H 1
| #define HAVE_FCNTL_H 1
| #define HAVE_SYS_FILE_H 1
| #define HAVE_SYS_TIME_H 1
| #define TIME_WITH_SYS_TIME 1
| #define HAVE_DIRENT_H 1
| #define STRING_WITH_STRINGS 1
| #define HAVE_FCNTL 1
| #define HAVE_GETPAGESIZE 1
| #define HAVE_SETITIMER 1
| #define HAVE_SYSCONF 1
| #define HAVE_FDOPEN 1
| #define HAVE_GETUID 1
| #define HAVE_GETGID 1
| #define HAVE_STRTOULL 1
| #define HAVE_DECL_BASENAME 1
| #define HAVE_DECL_FTELLO 1
| #define HAVE_DECL_FTELLO64 1
| #define HAVE_DECL_FSEEKO 1
| #define HAVE_DECL_FSEEKO64 1
| #define HAVE_DECL_FFS 1
| #define HAVE_DECL_FREE 1
| #define HAVE_DECL_GETENV 1
| #define HAVE_DECL_MALLOC 1
| #define HAVE_DECL_REALLOC 1
| #define HAVE_DECL_STPCPY 1
| #define HAVE_DECL_STRSTR 1
| #define HAVE_DECL_SNPRINTF 1
| #define HAVE_DECL_VSNPRINTF 1
| #define HAVE_SYS_PROCFS_H 1
| #define HAVE_PRSTATUS_T 1
| /* end confdefs.h.  */
| 
| #define _SYSCALL32
| #include <sys/procfs.h>
| int
| main ()
| {
| pstatus32_t avar
|   ;
|   return 0;
| }
configure:17868: result: no
configure:17871: checking for prpsinfo_t in sys/procfs.h
configure:17894: gcc -c -g -O2  conftest.c >&5
configure:17900: $? = 0
configure:17904: test -z 
			 || test ! -s conftest.err
configure:17907: $? = 0
configure:17910: test -s conftest.o
configure:17913: $? = 0
configure:17933: result: yes
configure:17936: checking for prpsinfo32_t in sys/procfs.h
configure:17959: gcc -c -g -O2  conftest.c >&5
conftest.c: In function 'main':
conftest.c:69: error: 'prpsinfo32_t' undeclared (first use in this function)
conftest.c:69: error: (Each undeclared identifier is reported only once
conftest.c:69: error: for each function it appears in.)
conftest.c:69: error: expected ';' before 'avar'
configure:17965: $? = 1
configure: failed program was:
| /* confdefs.h.  */
| 
| #define PACKAGE_NAME ""
| #define PACKAGE_TARNAME ""
| #define PACKAGE_VERSION ""
| #define PACKAGE_STRING ""
| #define PACKAGE_BUGREPORT ""
| #define PACKAGE "bfd"
| #define VERSION "2.17.50"
| #define _GNU_SOURCE 1
| #define STDC_HEADERS 1
| #define HAVE_SYS_TYPES_H 1
| #define HAVE_SYS_STAT_H 1
| #define HAVE_STDLIB_H 1
| #define HAVE_STRING_H 1
| #define HAVE_MEMORY_H 1
| #define HAVE_STRINGS_H 1
| #define HAVE_INTTYPES_H 1
| #define HAVE_STDINT_H 1
| #define HAVE_UNISTD_H 1
| #define HAVE_DLFCN_H 1
| #define LT_OBJDIR ".libs/"
| #define SIZEOF_LONG_LONG 8
| #define SIZEOF_LONG 8
| #define HAVE_STDDEF_H 1
| #define HAVE_STRING_H 1
| #define HAVE_STRINGS_H 1
| #define HAVE_STDLIB_H 1
| #define HAVE_TIME_H 1
| #define HAVE_UNISTD_H 1
| #define HAVE_FCNTL_H 1
| #define HAVE_SYS_FILE_H 1
| #define HAVE_SYS_TIME_H 1
| #define TIME_WITH_SYS_TIME 1
| #define HAVE_DIRENT_H 1
| #define STRING_WITH_STRINGS 1
| #define HAVE_FCNTL 1
| #define HAVE_GETPAGESIZE 1
| #define HAVE_SETITIMER 1
| #define HAVE_SYSCONF 1
| #define HAVE_FDOPEN 1
| #define HAVE_GETUID 1
| #define HAVE_GETGID 1
| #define HAVE_STRTOULL 1
| #define HAVE_DECL_BASENAME 1
| #define HAVE_DECL_FTELLO 1
| #define HAVE_DECL_FTELLO64 1
| #define HAVE_DECL_FSEEKO 1
| #define HAVE_DECL_FSEEKO64 1
| #define HAVE_DECL_FFS 1
| #define HAVE_DECL_FREE 1
| #define HAVE_DECL_GETENV 1
| #define HAVE_DECL_MALLOC 1
| #define HAVE_DECL_REALLOC 1
| #define HAVE_DECL_STPCPY 1
| #define HAVE_DECL_STRSTR 1
| #define HAVE_DECL_SNPRINTF 1
| #define HAVE_DECL_VSNPRINTF 1
| #define HAVE_SYS_PROCFS_H 1
| #define HAVE_PRSTATUS_T 1
| #define HAVE_PRPSINFO_T 1
| /* end confdefs.h.  */
| 
| #define _SYSCALL32
| #include <sys/procfs.h>
| int
| main ()
| {
| prpsinfo32_t avar
|   ;
|   return 0;
| }
configure:17998: result: no
configure:18001: checking for psinfo_t in sys/procfs.h
configure:18024: gcc -c -g -O2  conftest.c >&5
conftest.c: In function 'main':
conftest.c:69: error: 'psinfo_t' undeclared (first use in this function)
conftest.c:69: error: (Each undeclared identifier is reported only once
conftest.c:69: error: for each function it appears in.)
conftest.c:69: error: expected ';' before 'avar'
configure:18030: $? = 1
configure: failed program was:
| /* confdefs.h.  */
| 
| #define PACKAGE_NAME ""
| #define PACKAGE_TARNAME ""
| #define PACKAGE_VERSION ""
| #define PACKAGE_STRING ""
| #define PACKAGE_BUGREPORT ""
| #define PACKAGE "bfd"
| #define VERSION "2.17.50"
| #define _GNU_SOURCE 1
| #define STDC_HEADERS 1
| #define HAVE_SYS_TYPES_H 1
| #define HAVE_SYS_STAT_H 1
| #define HAVE_STDLIB_H 1
| #define HAVE_STRING_H 1
| #define HAVE_MEMORY_H 1
| #define HAVE_STRINGS_H 1
| #define HAVE_INTTYPES_H 1
| #define HAVE_STDINT_H 1
| #define HAVE_UNISTD_H 1
| #define HAVE_DLFCN_H 1
| #define LT_OBJDIR ".libs/"
| #define SIZEOF_LONG_LONG 8
| #define SIZEOF_LONG 8
| #define HAVE_STDDEF_H 1
| #define HAVE_STRING_H 1
| #define HAVE_STRINGS_H 1
| #define HAVE_STDLIB_H 1
| #define HAVE_TIME_H 1
| #define HAVE_UNISTD_H 1
| #define HAVE_FCNTL_H 1
| #define HAVE_SYS_FILE_H 1
| #define HAVE_SYS_TIME_H 1
| #define TIME_WITH_SYS_TIME 1
| #define HAVE_DIRENT_H 1
| #define STRING_WITH_STRINGS 1
| #define HAVE_FCNTL 1
| #define HAVE_GETPAGESIZE 1
| #define HAVE_SETITIMER 1
| #define HAVE_SYSCONF 1
| #define HAVE_FDOPEN 1
| #define HAVE_GETUID 1
| #define HAVE_GETGID 1
| #define HAVE_STRTOULL 1
| #define HAVE_DECL_BASENAME 1
| #define HAVE_DECL_FTELLO 1
| #define HAVE_DECL_FTELLO64 1
| #define HAVE_DECL_FSEEKO 1
| #define HAVE_DECL_FSEEKO64 1
| #define HAVE_DECL_FFS 1
| #define HAVE_DECL_FREE 1
| #define HAVE_DECL_GETENV 1
| #define HAVE_DECL_MALLOC 1
| #define HAVE_DECL_REALLOC 1
| #define HAVE_DECL_STPCPY 1
| #define HAVE_DECL_STRSTR 1
| #define HAVE_DECL_SNPRINTF 1
| #define HAVE_DECL_VSNPRINTF 1
| #define HAVE_SYS_PROCFS_H 1
| #define HAVE_PRSTATUS_T 1
| #define HAVE_PRPSINFO_T 1
| /* end confdefs.h.  */
| 
| #define _SYSCALL32
| #include <sys/procfs.h>
| int
| main ()
| {
| psinfo_t avar
|   ;
|   return 0;
| }
configure:18063: result: no
configure:18066: checking for psinfo32_t in sys/procfs.h
configure:18089: gcc -c -g -O2  conftest.c >&5
conftest.c: In function 'main':
conftest.c:69: error: 'psinfo32_t' undeclared (first use in this function)
conftest.c:69: error: (Each undeclared identifier is reported only once
conftest.c:69: error: for each function it appears in.)
conftest.c:69: error: expected ';' before 'avar'
configure:18095: $? = 1
configure: failed program was:
| /* confdefs.h.  */
| 
| #define PACKAGE_NAME ""
| #define PACKAGE_TARNAME ""
| #define PACKAGE_VERSION ""
| #define PACKAGE_STRING ""
| #define PACKAGE_BUGREPORT ""
| #define PACKAGE "bfd"
| #define VERSION "2.17.50"
| #define _GNU_SOURCE 1
| #define STDC_HEADERS 1
| #define HAVE_SYS_TYPES_H 1
| #define HAVE_SYS_STAT_H 1
| #define HAVE_STDLIB_H 1
| #define HAVE_STRING_H 1
| #define HAVE_MEMORY_H 1
| #define HAVE_STRINGS_H 1
| #define HAVE_INTTYPES_H 1
| #define HAVE_STDINT_H 1
| #define HAVE_UNISTD_H 1
| #define HAVE_DLFCN_H 1
| #define LT_OBJDIR ".libs/"
| #define SIZEOF_LONG_LONG 8
| #define SIZEOF_LONG 8
| #define HAVE_STDDEF_H 1
| #define HAVE_STRING_H 1
| #define HAVE_STRINGS_H 1
| #define HAVE_STDLIB_H 1
| #define HAVE_TIME_H 1
| #define HAVE_UNISTD_H 1
| #define HAVE_FCNTL_H 1
| #define HAVE_SYS_FILE_H 1
| #define HAVE_SYS_TIME_H 1
| #define TIME_WITH_SYS_TIME 1
| #define HAVE_DIRENT_H 1
| #define STRING_WITH_STRINGS 1
| #define HAVE_FCNTL 1
| #define HAVE_GETPAGESIZE 1
| #define HAVE_SETITIMER 1
| #define HAVE_SYSCONF 1
| #define HAVE_FDOPEN 1
| #define HAVE_GETUID 1
| #define HAVE_GETGID 1
| #define HAVE_STRTOULL 1
| #define HAVE_DECL_BASENAME 1
| #define HAVE_DECL_FTELLO 1
| #define HAVE_DECL_FTELLO64 1
| #define HAVE_DECL_FSEEKO 1
| #define HAVE_DECL_FSEEKO64 1
| #define HAVE_DECL_FFS 1
| #define HAVE_DECL_FREE 1
| #define HAVE_DECL_GETENV 1
| #define HAVE_DECL_MALLOC 1
| #define HAVE_DECL_REALLOC 1
| #define HAVE_DECL_STPCPY 1
| #define HAVE_DECL_STRSTR 1
| #define HAVE_DECL_SNPRINTF 1
| #define HAVE_DECL_VSNPRINTF 1
| #define HAVE_SYS_PROCFS_H 1
| #define HAVE_PRSTATUS_T 1
| #define HAVE_PRPSINFO_T 1
| /* end confdefs.h.  */
| 
| #define _SYSCALL32
| #include <sys/procfs.h>
| int
| main ()
| {
| psinfo32_t avar
|   ;
|   return 0;
| }
configure:18128: result: no
configure:18131: checking for lwpstatus_t in sys/procfs.h
configure:18154: gcc -c -g -O2  conftest.c >&5
conftest.c: In function 'main':
conftest.c:69: error: 'lwpstatus_t' undeclared (first use in this function)
conftest.c:69: error: (Each undeclared identifier is reported only once
conftest.c:69: error: for each function it appears in.)
conftest.c:69: error: expected ';' before 'avar'
configure:18160: $? = 1
configure: failed program was:
| /* confdefs.h.  */
| 
| #define PACKAGE_NAME ""
| #define PACKAGE_TARNAME ""
| #define PACKAGE_VERSION ""
| #define PACKAGE_STRING ""
| #define PACKAGE_BUGREPORT ""
| #define PACKAGE "bfd"
| #define VERSION "2.17.50"
| #define _GNU_SOURCE 1
| #define STDC_HEADERS 1
| #define HAVE_SYS_TYPES_H 1
| #define HAVE_SYS_STAT_H 1
| #define HAVE_STDLIB_H 1
| #define HAVE_STRING_H 1
| #define HAVE_MEMORY_H 1
| #define HAVE_STRINGS_H 1
| #define HAVE_INTTYPES_H 1
| #define HAVE_STDINT_H 1
| #define HAVE_UNISTD_H 1
| #define HAVE_DLFCN_H 1
| #define LT_OBJDIR ".libs/"
| #define SIZEOF_LONG_LONG 8
| #define SIZEOF_LONG 8
| #define HAVE_STDDEF_H 1
| #define HAVE_STRING_H 1
| #define HAVE_STRINGS_H 1
| #define HAVE_STDLIB_H 1
| #define HAVE_TIME_H 1
| #define HAVE_UNISTD_H 1
| #define HAVE_FCNTL_H 1
| #define HAVE_SYS_FILE_H 1
| #define HAVE_SYS_TIME_H 1
| #define TIME_WITH_SYS_TIME 1
| #define HAVE_DIRENT_H 1
| #define STRING_WITH_STRINGS 1
| #define HAVE_FCNTL 1
| #define HAVE_GETPAGESIZE 1
| #define HAVE_SETITIMER 1
| #define HAVE_SYSCONF 1
| #define HAVE_FDOPEN 1
| #define HAVE_GETUID 1
| #define HAVE_GETGID 1
| #define HAVE_STRTOULL 1
| #define HAVE_DECL_BASENAME 1
| #define HAVE_DECL_FTELLO 1
| #define HAVE_DECL_FTELLO64 1
| #define HAVE_DECL_FSEEKO 1
| #define HAVE_DECL_FSEEKO64 1
| #define HAVE_DECL_FFS 1
| #define HAVE_DECL_FREE 1
| #define HAVE_DECL_GETENV 1
| #define HAVE_DECL_MALLOC 1
| #define HAVE_DECL_REALLOC 1
| #define HAVE_DECL_STPCPY 1
| #define HAVE_DECL_STRSTR 1
| #define HAVE_DECL_SNPRINTF 1
| #define HAVE_DECL_VSNPRINTF 1
| #define HAVE_SYS_PROCFS_H 1
| #define HAVE_PRSTATUS_T 1
| #define HAVE_PRPSINFO_T 1
| /* end confdefs.h.  */
| 
| #define _SYSCALL32
| #include <sys/procfs.h>
| int
| main ()
| {
| lwpstatus_t avar
|   ;
|   return 0;
| }
configure:18193: result: no
configure:18196: checking for lwpxstatus_t in sys/procfs.h
configure:18219: gcc -c -g -O2  conftest.c >&5
conftest.c: In function 'main':
conftest.c:69: error: 'lwpxstatus_t' undeclared (first use in this function)
conftest.c:69: error: (Each undeclared identifier is reported only once
conftest.c:69: error: for each function it appears in.)
conftest.c:69: error: expected ';' before 'avar'
configure:18225: $? = 1
configure: failed program was:
| /* confdefs.h.  */
| 
| #define PACKAGE_NAME ""
| #define PACKAGE_TARNAME ""
| #define PACKAGE_VERSION ""
| #define PACKAGE_STRING ""
| #define PACKAGE_BUGREPORT ""
| #define PACKAGE "bfd"
| #define VERSION "2.17.50"
| #define _GNU_SOURCE 1
| #define STDC_HEADERS 1
| #define HAVE_SYS_TYPES_H 1
| #define HAVE_SYS_STAT_H 1
| #define HAVE_STDLIB_H 1
| #define HAVE_STRING_H 1
| #define HAVE_MEMORY_H 1
| #define HAVE_STRINGS_H 1
| #define HAVE_INTTYPES_H 1
| #define HAVE_STDINT_H 1
| #define HAVE_UNISTD_H 1
| #define HAVE_DLFCN_H 1
| #define LT_OBJDIR ".libs/"
| #define SIZEOF_LONG_LONG 8
| #define SIZEOF_LONG 8
| #define HAVE_STDDEF_H 1
| #define HAVE_STRING_H 1
| #define HAVE_STRINGS_H 1
| #define HAVE_STDLIB_H 1
| #define HAVE_TIME_H 1
| #define HAVE_UNISTD_H 1
| #define HAVE_FCNTL_H 1
| #define HAVE_SYS_FILE_H 1
| #define HAVE_SYS_TIME_H 1
| #define TIME_WITH_SYS_TIME 1
| #define HAVE_DIRENT_H 1
| #define STRING_WITH_STRINGS 1
| #define HAVE_FCNTL 1
| #define HAVE_GETPAGESIZE 1
| #define HAVE_SETITIMER 1
| #define HAVE_SYSCONF 1
| #define HAVE_FDOPEN 1
| #define HAVE_GETUID 1
| #define HAVE_GETGID 1
| #define HAVE_STRTOULL 1
| #define HAVE_DECL_BASENAME 1
| #define HAVE_DECL_FTELLO 1
| #define HAVE_DECL_FTELLO64 1
| #define HAVE_DECL_FSEEKO 1
| #define HAVE_DECL_FSEEKO64 1
| #define HAVE_DECL_FFS 1
| #define HAVE_DECL_FREE 1
| #define HAVE_DECL_GETENV 1
| #define HAVE_DECL_MALLOC 1
| #define HAVE_DECL_REALLOC 1
| #define HAVE_DECL_STPCPY 1
| #define HAVE_DECL_STRSTR 1
| #define HAVE_DECL_SNPRINTF 1
| #define HAVE_DECL_VSNPRINTF 1
| #define HAVE_SYS_PROCFS_H 1
| #define HAVE_PRSTATUS_T 1
| #define HAVE_PRPSINFO_T 1
| /* end confdefs.h.  */
| 
| #define _SYSCALL32
| #include <sys/procfs.h>
| int
| main ()
| {
| lwpxstatus_t avar
|   ;
|   return 0;
| }
configure:18258: result: no
configure:18261: checking for lwpstatus_t.pr_context in sys/procfs.h
configure:18284: gcc -c -g -O2  conftest.c >&5
conftest.c: In function 'main':
conftest.c:69: error: 'lwpstatus_t' undeclared (first use in this function)
conftest.c:69: error: (Each undeclared identifier is reported only once
conftest.c:69: error: for each function it appears in.)
conftest.c:69: error: expected ';' before 'avar'
conftest.c:69: error: 'avar' undeclared (first use in this function)
configure:18290: $? = 1
configure: failed program was:
| /* confdefs.h.  */
| 
| #define PACKAGE_NAME ""
| #define PACKAGE_TARNAME ""
| #define PACKAGE_VERSION ""
| #define PACKAGE_STRING ""
| #define PACKAGE_BUGREPORT ""
| #define PACKAGE "bfd"
| #define VERSION "2.17.50"
| #define _GNU_SOURCE 1
| #define STDC_HEADERS 1
| #define HAVE_SYS_TYPES_H 1
| #define HAVE_SYS_STAT_H 1
| #define HAVE_STDLIB_H 1
| #define HAVE_STRING_H 1
| #define HAVE_MEMORY_H 1
| #define HAVE_STRINGS_H 1
| #define HAVE_INTTYPES_H 1
| #define HAVE_STDINT_H 1
| #define HAVE_UNISTD_H 1
| #define HAVE_DLFCN_H 1
| #define LT_OBJDIR ".libs/"
| #define SIZEOF_LONG_LONG 8
| #define SIZEOF_LONG 8
| #define HAVE_STDDEF_H 1
| #define HAVE_STRING_H 1
| #define HAVE_STRINGS_H 1
| #define HAVE_STDLIB_H 1
| #define HAVE_TIME_H 1
| #define HAVE_UNISTD_H 1
| #define HAVE_FCNTL_H 1
| #define HAVE_SYS_FILE_H 1
| #define HAVE_SYS_TIME_H 1
| #define TIME_WITH_SYS_TIME 1
| #define HAVE_DIRENT_H 1
| #define STRING_WITH_STRINGS 1
| #define HAVE_FCNTL 1
| #define HAVE_GETPAGESIZE 1
| #define HAVE_SETITIMER 1
| #define HAVE_SYSCONF 1
| #define HAVE_FDOPEN 1
| #define HAVE_GETUID 1
| #define HAVE_GETGID 1
| #define HAVE_STRTOULL 1
| #define HAVE_DECL_BASENAME 1
| #define HAVE_DECL_FTELLO 1
| #define HAVE_DECL_FTELLO64 1
| #define HAVE_DECL_FSEEKO 1
| #define HAVE_DECL_FSEEKO64 1
| #define HAVE_DECL_FFS 1
| #define HAVE_DECL_FREE 1
| #define HAVE_DECL_GETENV 1
| #define HAVE_DECL_MALLOC 1
| #define HAVE_DECL_REALLOC 1
| #define HAVE_DECL_STPCPY 1
| #define HAVE_DECL_STRSTR 1
| #define HAVE_DECL_SNPRINTF 1
| #define HAVE_DECL_VSNPRINTF 1
| #define HAVE_SYS_PROCFS_H 1
| #define HAVE_PRSTATUS_T 1
| #define HAVE_PRPSINFO_T 1
| /* end confdefs.h.  */
| 
| #define _SYSCALL32
| #include <sys/procfs.h>
| int
| main ()
| {
| lwpstatus_t avar; void* aref = (void*) &avar.pr_context
|   ;
|   return 0;
| }
configure:18323: result: no
configure:18326: checking for lwpstatus_t.pr_reg in sys/procfs.h
configure:18349: gcc -c -g -O2  conftest.c >&5
conftest.c: In function 'main':
conftest.c:69: error: 'lwpstatus_t' undeclared (first use in this function)
conftest.c:69: error: (Each undeclared identifier is reported only once
conftest.c:69: error: for each function it appears in.)
conftest.c:69: error: expected ';' before 'avar'
conftest.c:69: error: 'avar' undeclared (first use in this function)
configure:18355: $? = 1
configure: failed program was:
| /* confdefs.h.  */
| 
| #define PACKAGE_NAME ""
| #define PACKAGE_TARNAME ""
| #define PACKAGE_VERSION ""
| #define PACKAGE_STRING ""
| #define PACKAGE_BUGREPORT ""
| #define PACKAGE "bfd"
| #define VERSION "2.17.50"
| #define _GNU_SOURCE 1
| #define STDC_HEADERS 1
| #define HAVE_SYS_TYPES_H 1
| #define HAVE_SYS_STAT_H 1
| #define HAVE_STDLIB_H 1
| #define HAVE_STRING_H 1
| #define HAVE_MEMORY_H 1
| #define HAVE_STRINGS_H 1
| #define HAVE_INTTYPES_H 1
| #define HAVE_STDINT_H 1
| #define HAVE_UNISTD_H 1
| #define HAVE_DLFCN_H 1
| #define LT_OBJDIR ".libs/"
| #define SIZEOF_LONG_LONG 8
| #define SIZEOF_LONG 8
| #define HAVE_STDDEF_H 1
| #define HAVE_STRING_H 1
| #define HAVE_STRINGS_H 1
| #define HAVE_STDLIB_H 1
| #define HAVE_TIME_H 1
| #define HAVE_UNISTD_H 1
| #define HAVE_FCNTL_H 1
| #define HAVE_SYS_FILE_H 1
| #define HAVE_SYS_TIME_H 1
| #define TIME_WITH_SYS_TIME 1
| #define HAVE_DIRENT_H 1
| #define STRING_WITH_STRINGS 1
| #define HAVE_FCNTL 1
| #define HAVE_GETPAGESIZE 1
| #define HAVE_SETITIMER 1
| #define HAVE_SYSCONF 1
| #define HAVE_FDOPEN 1
| #define HAVE_GETUID 1
| #define HAVE_GETGID 1
| #define HAVE_STRTOULL 1
| #define HAVE_DECL_BASENAME 1
| #define HAVE_DECL_FTELLO 1
| #define HAVE_DECL_FTELLO64 1
| #define HAVE_DECL_FSEEKO 1
| #define HAVE_DECL_FSEEKO64 1
| #define HAVE_DECL_FFS 1
| #define HAVE_DECL_FREE 1
| #define HAVE_DECL_GETENV 1
| #define HAVE_DECL_MALLOC 1
| #define HAVE_DECL_REALLOC 1
| #define HAVE_DECL_STPCPY 1
| #define HAVE_DECL_STRSTR 1
| #define HAVE_DECL_SNPRINTF 1
| #define HAVE_DECL_VSNPRINTF 1
| #define HAVE_SYS_PROCFS_H 1
| #define HAVE_PRSTATUS_T 1
| #define HAVE_PRPSINFO_T 1
| /* end confdefs.h.  */
| 
| #define _SYSCALL32
| #include <sys/procfs.h>
| int
| main ()
| {
| lwpstatus_t avar; void* aref = (void*) &avar.pr_reg
|   ;
|   return 0;
| }
configure:18388: result: no
configure:18391: checking for win32_pstatus_t in sys/procfs.h
configure:18414: gcc -c -g -O2  conftest.c >&5
conftest.c: In function 'main':
conftest.c:69: error: 'win32_pstatus_t' undeclared (first use in this function)
conftest.c:69: error: (Each undeclared identifier is reported only once
conftest.c:69: error: for each function it appears in.)
conftest.c:69: error: expected ';' before 'avar'
configure:18420: $? = 1
configure: failed program was:
| /* confdefs.h.  */
| 
| #define PACKAGE_NAME ""
| #define PACKAGE_TARNAME ""
| #define PACKAGE_VERSION ""
| #define PACKAGE_STRING ""
| #define PACKAGE_BUGREPORT ""
| #define PACKAGE "bfd"
| #define VERSION "2.17.50"
| #define _GNU_SOURCE 1
| #define STDC_HEADERS 1
| #define HAVE_SYS_TYPES_H 1
| #define HAVE_SYS_STAT_H 1
| #define HAVE_STDLIB_H 1
| #define HAVE_STRING_H 1
| #define HAVE_MEMORY_H 1
| #define HAVE_STRINGS_H 1
| #define HAVE_INTTYPES_H 1
| #define HAVE_STDINT_H 1
| #define HAVE_UNISTD_H 1
| #define HAVE_DLFCN_H 1
| #define LT_OBJDIR ".libs/"
| #define SIZEOF_LONG_LONG 8
| #define SIZEOF_LONG 8
| #define HAVE_STDDEF_H 1
| #define HAVE_STRING_H 1
| #define HAVE_STRINGS_H 1
| #define HAVE_STDLIB_H 1
| #define HAVE_TIME_H 1
| #define HAVE_UNISTD_H 1
| #define HAVE_FCNTL_H 1
| #define HAVE_SYS_FILE_H 1
| #define HAVE_SYS_TIME_H 1
| #define TIME_WITH_SYS_TIME 1
| #define HAVE_DIRENT_H 1
| #define STRING_WITH_STRINGS 1
| #define HAVE_FCNTL 1
| #define HAVE_GETPAGESIZE 1
| #define HAVE_SETITIMER 1
| #define HAVE_SYSCONF 1
| #define HAVE_FDOPEN 1
| #define HAVE_GETUID 1
| #define HAVE_GETGID 1
| #define HAVE_STRTOULL 1
| #define HAVE_DECL_BASENAME 1
| #define HAVE_DECL_FTELLO 1
| #define HAVE_DECL_FTELLO64 1
| #define HAVE_DECL_FSEEKO 1
| #define HAVE_DECL_FSEEKO64 1
| #define HAVE_DECL_FFS 1
| #define HAVE_DECL_FREE 1
| #define HAVE_DECL_GETENV 1
| #define HAVE_DECL_MALLOC 1
| #define HAVE_DECL_REALLOC 1
| #define HAVE_DECL_STPCPY 1
| #define HAVE_DECL_STRSTR 1
| #define HAVE_DECL_SNPRINTF 1
| #define HAVE_DECL_VSNPRINTF 1
| #define HAVE_SYS_PROCFS_H 1
| #define HAVE_PRSTATUS_T 1
| #define HAVE_PRPSINFO_T 1
| /* end confdefs.h.  */
| 
| #define _SYSCALL32
| #include <sys/procfs.h>
| int
| main ()
| {
| win32_pstatus_t avar
|   ;
|   return 0;
| }
configure:18453: result: no
configure:18950: checking for gcc version with buggy 64-bit support
configure:18967: result: no
configure:19005: checking for ftello
configure:19062: gcc -o conftest -g -O2   conftest.c  >&5
configure:19068: $? = 0
configure:19072: test -z 
			 || test ! -s conftest.err
configure:19075: $? = 0
configure:19078: test -s conftest
configure:19081: $? = 0
configure:19093: result: yes
configure:19005: checking for ftello64
configure:19062: gcc -o conftest -g -O2   conftest.c  >&5
configure:19068: $? = 0
configure:19072: test -z 
			 || test ! -s conftest.err
configure:19075: $? = 0
configure:19078: test -s conftest
configure:19081: $? = 0
configure:19093: result: yes
configure:19005: checking for fseeko
configure:19062: gcc -o conftest -g -O2   conftest.c  >&5
configure:19068: $? = 0
configure:19072: test -z 
			 || test ! -s conftest.err
configure:19075: $? = 0
configure:19078: test -s conftest
configure:19081: $? = 0
configure:19093: result: yes
configure:19005: checking for fseeko64
configure:19062: gcc -o conftest -g -O2   conftest.c  >&5
configure:19068: $? = 0
configure:19072: test -z 
			 || test ! -s conftest.err
configure:19075: $? = 0
configure:19078: test -s conftest
configure:19081: $? = 0
configure:19093: result: yes
configure:19005: checking for fopen64
configure:19062: gcc -o conftest -g -O2   conftest.c  >&5
configure:19068: $? = 0
configure:19072: test -z 
			 || test ! -s conftest.err
configure:19075: $? = 0
configure:19078: test -s conftest
configure:19081: $? = 0
configure:19093: result: yes
configure:19104: checking for off_t
configure:19128: gcc -c -g -O2  conftest.c >&5
configure:19134: $? = 0
configure:19138: test -z 
			 || test ! -s conftest.err
configure:19141: $? = 0
configure:19144: test -s conftest.o
configure:19147: $? = 0
configure:19158: result: yes
configure:19161: checking size of off_t
configure:19480: gcc -o conftest -g -O2   conftest.c  >&5
configure:19483: $? = 0
configure:19485: ./conftest
configure:19488: $? = 0
configure:19511: result: 8
configure:19519: checking file_ptr type
configure:19528: result: BFD_HOST_64_BIT
configure:19548: checking for stdlib.h
configure:19553: result: yes
configure:19548: checking for unistd.h
configure:19553: result: yes
configure:19697: checking for getpagesize
configure:19785: result: yes
configure:19795: checking for working mmap
configure:19937: gcc -o conftest -g -O2   conftest.c  >&5
configure:19940: $? = 0
configure:19942: ./conftest
configure:19945: $? = 0
configure:19959: result: yes
configure:19975: checking for madvise
configure:20032: gcc -o conftest -g -O2   conftest.c  >&5
configure:20038: $? = 0
configure:20042: test -z 
			 || test ! -s conftest.err
configure:20045: $? = 0
configure:20048: test -s conftest
configure:20051: $? = 0
configure:20063: result: yes
configure:19975: checking for mprotect
configure:20032: gcc -o conftest -g -O2   conftest.c  >&5
configure:20038: $? = 0
configure:20042: test -z 
			 || test ! -s conftest.err
configure:20045: $? = 0
configure:20048: test -s conftest
configure:20051: $? = 0
configure:20063: result: yes
configure:20222: creating ./config.status

## ---------------------- ##
## Running config.status. ##
## ---------------------- ##

This file was extended by config.status, which was
generated by GNU Autoconf 2.59.  Invocation command line was

  CONFIG_FILES    = 
  CONFIG_HEADERS  = 
  CONFIG_LINKS    = 
  CONFIG_COMMANDS = 
  $ ./config.status 

on fuji

config.status:982: creating Makefile
config.status:982: creating doc/Makefile
config.status:982: creating bfd-in3.h
config.status:982: creating po/Makefile.in
config.status:1086: creating config.h
config.status:1498: executing depfiles commands
config.status:1498: executing libtool commands
config.status:1498: executing default-1 commands
config.status:1498: executing bfd_stdint.h commands
config.status:1498: executing default commands

## ---------------- ##
## Cache variables. ##
## ---------------- ##

ac_cv_build=x86_64-unknown-linux-gnu
ac_cv_build_alias=x86_64-unknown-linux-gnu
ac_cv_c_compiler_gnu=yes
ac_cv_env_CC_set=
ac_cv_env_CC_value=
ac_cv_env_CFLAGS_set=
ac_cv_env_CFLAGS_value=
ac_cv_env_CPPFLAGS_set=
ac_cv_env_CPPFLAGS_value=
ac_cv_env_CPP_set=
ac_cv_env_CPP_value=
ac_cv_env_LDFLAGS_set=
ac_cv_env_LDFLAGS_value=
ac_cv_env_build_alias_set=
ac_cv_env_build_alias_value=
ac_cv_env_host_alias_set=
ac_cv_env_host_alias_value=
ac_cv_env_target_alias_set=
ac_cv_env_target_alias_value=
ac_cv_exeext=
ac_cv_func_fcntl=yes
ac_cv_func_fdopen=yes
ac_cv_func_fopen64=yes
ac_cv_func_fseeko=yes
ac_cv_func_fseeko64=yes
ac_cv_func_ftello=yes
ac_cv_func_ftello64=yes
ac_cv_func_getgid=yes
ac_cv_func_getpagesize=yes
ac_cv_func_getuid=yes
ac_cv_func_madvise=yes
ac_cv_func_mmap_fixed_mapped=yes
ac_cv_func_mprotect=yes
ac_cv_func_setitimer=yes
ac_cv_func_strtoull=yes
ac_cv_func_sysconf=yes
ac_cv_have_decl_basename=yes
ac_cv_have_decl_ffs=yes
ac_cv_have_decl_free=yes
ac_cv_have_decl_fseeko=yes
ac_cv_have_decl_fseeko64=yes
ac_cv_have_decl_ftello=yes
ac_cv_have_decl_ftello64=yes
ac_cv_have_decl_getenv=yes
ac_cv_have_decl_malloc=yes
ac_cv_have_decl_realloc=yes
ac_cv_have_decl_snprintf=yes
ac_cv_have_decl_stpcpy=yes
ac_cv_have_decl_strstr=yes
ac_cv_have_decl_vsnprintf=yes
ac_cv_header_dirent_dirent_h=yes
ac_cv_header_dlfcn_h=yes
ac_cv_header_fcntl_h=yes
ac_cv_header_inttypes_h=yes
ac_cv_header_memory_h=yes
ac_cv_header_stdc=yes
ac_cv_header_stddef_h=yes
ac_cv_header_stdint_h=yes
ac_cv_header_stdlib_h=yes
ac_cv_header_string_h=yes
ac_cv_header_strings_h=yes
ac_cv_header_sys_file_h=yes
ac_cv_header_sys_procfs_h=yes
ac_cv_header_sys_stat_h=yes
ac_cv_header_sys_time_h=yes
ac_cv_header_sys_types_h=yes
ac_cv_header_time=yes
ac_cv_header_time_h=yes
ac_cv_header_unistd_h=yes
ac_cv_host=x86_64-unknown-linux-gnu
ac_cv_host_alias=x86_64-unknown-linux-gnu
ac_cv_objext=o
ac_cv_path_GMSGFMT=/usr/bin/msgfmt
ac_cv_path_MSGFMT=/usr/bin/msgfmt
ac_cv_path_MSGMERGE=/usr/bin/msgmerge
ac_cv_path_XGETTEXT=/usr/bin/xgettext
ac_cv_path_install='/usr/bin/install -c'
ac_cv_prog_AWK=gawk
ac_cv_prog_CPP='gcc -E'
ac_cv_prog_ac_ct_AR=ar
ac_cv_prog_ac_ct_CC=gcc
ac_cv_prog_ac_ct_RANLIB=ranlib
ac_cv_prog_ac_ct_STRIP=strip
ac_cv_prog_cc_g=yes
ac_cv_prog_cc_stdc=
ac_cv_prog_egrep='grep -E'
ac_cv_prog_fgrep='grep -F'
ac_cv_prog_make_make_set=yes
ac_cv_search_opendir='none required'
ac_cv_search_strerror='none required'
ac_cv_sizeof_long=8
ac_cv_sizeof_long_long=8
ac_cv_sizeof_off_t=8
ac_cv_target=x86_64-unknown-linux-gnu
ac_cv_target_alias=x86_64-unknown-linux-gnu
ac_cv_type_int_fast32_t=yes
ac_cv_type_int_least32_t=yes
ac_cv_type_long=yes
ac_cv_type_long_long=yes
ac_cv_type_off_t=yes
ac_cv_type_u_int64_t=no
ac_cv_type_uint64_t=yes
ac_cv_type_uintmax_t=yes
ac_cv_type_uintptr_t=yes
acx_cv_header_stdint=stdint.h
acx_cv_header_stdint_kind='(already complete)'
am_cv_CC_dependencies_compiler_type=gcc3
bfd_cv_has_long_long=yes
bfd_cv_have_sys_procfs_type_lwpstatus_t=no
bfd_cv_have_sys_procfs_type_lwpxstatus_t=no
bfd_cv_have_sys_procfs_type_member_lwpstatus_t_pr_context=no
bfd_cv_have_sys_procfs_type_member_lwpstatus_t_pr_reg=no
bfd_cv_have_sys_procfs_type_member_prstatus32_t_pr_who=no
bfd_cv_have_sys_procfs_type_member_prstatus_t_pr_who=no
bfd_cv_have_sys_procfs_type_prpsinfo32_t=no
bfd_cv_have_sys_procfs_type_prpsinfo_t=yes
bfd_cv_have_sys_procfs_type_prstatus32_t=no
bfd_cv_have_sys_procfs_type_prstatus_t=yes
bfd_cv_have_sys_procfs_type_psinfo32_t=no
bfd_cv_have_sys_procfs_type_psinfo_t=no
bfd_cv_have_sys_procfs_type_pstatus32_t=no
bfd_cv_have_sys_procfs_type_pstatus_t=no
bfd_cv_have_sys_procfs_type_pxstatus_t=no
bfd_cv_have_sys_procfs_type_win32_pstatus_t=no
gcc_cv_header_string=yes
lt_cv_deplibs_check_method=pass_all
lt_cv_file_magic_cmd='$MAGIC_CMD'
lt_cv_file_magic_test_file=
lt_cv_ld_reload_flag=-r
lt_cv_nm_interface='BSD nm'
lt_cv_objdir=.libs
lt_cv_path_LD=/usr/x86_64-suse-linux/bin/ld
lt_cv_path_NM='/usr/bin/nm -B'
lt_cv_path_SED=/usr/bin/sed
lt_cv_prog_compiler_c_o=yes
lt_cv_prog_compiler_rtti_exceptions=no
lt_cv_prog_gnu_ld=yes
lt_cv_sys_global_symbol_pipe='sed -n -e '\''s/^.*[	 ]\([ABCDGIRSTW][ABCDGIRSTW]*\)[	 ][	 ]*\([_A-Za-z][_A-Za-z0-9]*\)$/\1 \2 \2/p'\'''
lt_cv_sys_global_symbol_to_c_name_address='sed -n -e '\''s/^: \([^ ]*\) $/  {\"\1\", (void *) 0},/p'\'' -e '\''s/^[ABCDGIRSTW]* \([^ ]*\) \([^ ]*\)$/  {"\2", (void *) \&\2},/p'\'''
lt_cv_sys_global_symbol_to_cdecl='sed -n -e '\''s/^T .* \(.*\)$/extern int \1();/p'\'' -e '\''s/^[ABCDGIRSTW]* .* \(.*\)$/extern char \1;/p'\'''
lt_cv_sys_max_cmd_len=98304

## ----------------- ##
## Output variables. ##
## ----------------- ##

ACLOCAL='${SHELL} /home/focht/Projects/Hardware/CELL/src/missing --run aclocal-1.9'
AMDEPBACKSLASH='\'
AMDEP_FALSE='#'
AMDEP_TRUE=''
AMTAR='${SHELL} /home/focht/Projects/Hardware/CELL/src/missing --run tar'
AR='ar'
AUTOCONF='${SHELL} /home/focht/Projects/Hardware/CELL/src/missing --run autoconf'
AUTOHEADER='${SHELL} /home/focht/Projects/Hardware/CELL/src/missing --run autoheader'
AUTOMAKE='${SHELL} /home/focht/Projects/Hardware/CELL/src/missing --run automake-1.9'
AWK='gawk'
BFD_HOST_64BIT_LONG='1'
BFD_HOST_64_BIT='long'
BFD_HOST_64_BIT_DEFINED='1'
BFD_HOST_LONG_LONG='1'
BFD_HOST_U_64_BIT='unsigned long'
CATALOGS=''
CATOBJEXT=''
CC='gcc'
CCDEPMODE='depmode=gcc3'
CC_FOR_BUILD='$(CC)'
CFLAGS='-g -O2'
COREFILE=''
COREFLAG=''
CPP='gcc -E'
CPPFLAGS=''
CYGPATH_W='echo'
DATADIRNAME=''
DEBUGDIR='${exec_prefix}/lib/debug'
DEFS='-DHAVE_CONFIG_H'
DEPDIR='.deps'
DUMPBIN=''
ECHO_C=''
ECHO_N='-n'
ECHO_T=''
EGREP='grep -E'
EXEEXT=''
EXEEXT_FOR_BUILD='$(EXEEXT)'
FGREP='grep -F'
GENCAT=''
GENINSRC_NEVER_FALSE=''
GENINSRC_NEVER_TRUE='#'
GMSGFMT='/usr/bin/msgfmt'
GREP='grep'
HDEFINES=''
INCINTL=''
INSTALL_DATA='${INSTALL} -m 644'
INSTALL_LIBBFD_FALSE='#'
INSTALL_LIBBFD_TRUE=''
INSTALL_PROGRAM='${INSTALL}'
INSTALL_SCRIPT='${INSTALL}'
INSTALL_STRIP_PROGRAM='${SHELL} $(install_sh) -c -s'
INSTOBJEXT=''
LD='/usr/x86_64-suse-linux/bin/ld -m elf_x86_64'
LDFLAGS=''
LIBINTL=''
LIBINTL_DEP=''
LIBOBJS=''
LIBS=''
LIBTOOL='$(SHELL) $(top_builddir)/libtool'
LN_S='ln -s'
LTLIBOBJS=''
MAINT='#'
MAINTAINER_MODE_FALSE=''
MAINTAINER_MODE_TRUE='#'
MAKEINFO='${SHELL} /home/focht/Projects/Hardware/CELL/src/missing --run makeinfo'
MKINSTALLDIRS='$(top_builddir)/./../mkinstalldirs'
MSGFMT='/usr/bin/msgfmt'
MSGMERGE='/usr/bin/msgmerge'
NM='/usr/bin/nm -B'
NO_WERROR='-Wno-error'
OBJEXT='o'
PACKAGE='bfd'
PACKAGE_BUGREPORT=''
PACKAGE_NAME=''
PACKAGE_STRING=''
PACKAGE_TARNAME=''
PACKAGE_VERSION=''
PATH_SEPARATOR=':'
PKGVERSION='(GNU Binutils) '
POSUB=''
RANLIB='ranlib'
REPORT_BUGS_TEXI='@uref{http://www.sourceware.org/bugzilla/}'
REPORT_BUGS_TO='<http://www.sourceware.org/bugzilla/>'
SED='/usr/bin/sed'
SET_MAKE=''
SHELL='/bin/sh'
STRIP='strip'
TDEFINES=' '
USE_NLS='yes'
VERSION='2.17.50'
WARN_CFLAGS='-W -Wall -Wstrict-prototypes -Wmissing-prototypes -Werror'
WIN32LDFLAGS=''
WIN32LIBADD=''
XGETTEXT='/usr/bin/xgettext'
ac_ct_AR='ar'
ac_ct_CC='gcc'
ac_ct_DUMPBIN=''
ac_ct_RANLIB='ranlib'
ac_ct_STRIP='strip'
all_backends='$(BFD64_BACKENDS) $(BFD32_BACKENDS)'
am__fastdepCC_FALSE='#'
am__fastdepCC_TRUE=''
am__include='include'
am__leading_dot='.'
am__quote=''
am__tar='${AMTAR} chof - "$$tardir"'
am__untar='${AMTAR} xf -'
bfd64_libs='$(BFD64_LIBS)'
bfd_backends=' elf64-x86-64.lo elf64.lo elf.lo elflink.lo elf-attrs.lo elf-strtab.lo elf-eh-frame.lo dwarf1.lo elf32-i386.lo elf-vxworks.lo elf32.lo i386linux.lo aout32.lo efi-app-ia32.lo peigen.lo cofflink.lo efi-app-x86_64.lo pex64igen.lo elf64-gen.lo elf32-gen.lo'
bfd_default_target_size='64'
bfd_file_ptr='BFD_HOST_64_BIT'
bfd_machines=' cpu-i386.lo'
bfd_ufile_ptr='BFD_HOST_U_64_BIT'
bfdincludedir='$(includedir)'
bfdlibdir='$(libdir)'
bindir='${exec_prefix}/bin'
build='x86_64-unknown-linux-gnu'
build_alias=''
build_cpu='x86_64'
build_os='linux-gnu'
build_vendor='unknown'
datadir='${prefix}/share'
datarootdir=''
docdir=''
exec_prefix='${prefix}'
host='x86_64-unknown-linux-gnu'
host_alias=''
host_cpu='x86_64'
host_noncanonical='x86_64-unknown-linux-gnu'
host_os='linux-gnu'
host_vendor='unknown'
htmldir=''
includedir='${prefix}/include'
infodir='${prefix}/info'
install_sh='/home/focht/Projects/Hardware/CELL/src/install-sh'
libdir='${exec_prefix}/lib'
libexecdir='${exec_prefix}/libexec'
localstatedir='${prefix}/var'
lt_ECHO='echo'
mandir='${prefix}/man'
mkdir_p='mkdir -p --'
oldincludedir='/usr/include'
prefix='/usr/local'
program_transform_name='s,x,x,'
sbindir='${exec_prefix}/sbin'
sharedstatedir='${prefix}/com'
sysconfdir='${prefix}/etc'
target='x86_64-unknown-linux-gnu'
target_alias=''
target_cpu='x86_64'
target_noncanonical='x86_64-unknown-linux-gnu'
target_os='linux-gnu'
target_vendor='unknown'
tdefaults=' -DDEFAULT_VECTOR=bfd_elf64_x86_64_vec -DSELECT_VECS='&bfd_elf64_x86_64_vec,&bfd_elf32_i386_vec,&i386linux_vec,&bfd_efi_app_ia32_vec,&bfd_efi_app_x86_64_vec,&bfd_elf64_little_generic_vec,&bfd_elf64_big_generic_vec,&bfd_elf32_little_generic_vec,&bfd_elf32_big_generic_vec' -DSELECT_ARCHITECTURES='&bfd_i386_arch' -DHAVE_bfd_elf64_x86_64_vec -DHAVE_bfd_elf32_i386_vec -DHAVE_i386linux_vec -DHAVE_bfd_efi_app_ia32_vec -DHAVE_bfd_efi_app_x86_64_vec -DHAVE_bfd_elf64_little_generic_vec -DHAVE_bfd_elf64_big_generic_vec -DHAVE_bfd_elf32_little_generic_vec -DHAVE_bfd_elf32_big_generic_vec'
wordsize='64'

## ----------- ##
## confdefs.h. ##
## ----------- ##

#define HAVE_DECL_BASENAME 1
#define HAVE_DECL_FFS 1
#define HAVE_DECL_FREE 1
#define HAVE_DECL_FSEEKO 1
#define HAVE_DECL_FSEEKO64 1
#define HAVE_DECL_FTELLO 1
#define HAVE_DECL_FTELLO64 1
#define HAVE_DECL_GETENV 1
#define HAVE_DECL_MALLOC 1
#define HAVE_DECL_REALLOC 1
#define HAVE_DECL_SNPRINTF 1
#define HAVE_DECL_STPCPY 1
#define HAVE_DECL_STRSTR 1
#define HAVE_DECL_VSNPRINTF 1
#define HAVE_DIRENT_H 1
#define HAVE_DLFCN_H 1
#define HAVE_FCNTL 1
#define HAVE_FCNTL_H 1
#define HAVE_FDOPEN 1
#define HAVE_FOPEN64 1
#define HAVE_FSEEKO 1
#define HAVE_FSEEKO64 1
#define HAVE_FTELLO 1
#define HAVE_FTELLO64 1
#define HAVE_GETGID 1
#define HAVE_GETPAGESIZE 1
#define HAVE_GETPAGESIZE 1
#define HAVE_GETUID 1
#define HAVE_INTTYPES_H 1
#define HAVE_MADVISE 1
#define HAVE_MEMORY_H 1
#define HAVE_MMAP 1
#define HAVE_MPROTECT 1
#define HAVE_PRPSINFO_T 1
#define HAVE_PRSTATUS_T 1
#define HAVE_SETITIMER 1
#define HAVE_STDDEF_H 1
#define HAVE_STDINT_H 1
#define HAVE_STDLIB_H 1
#define HAVE_STDLIB_H 1
#define HAVE_STDLIB_H 1
#define HAVE_STRINGS_H 1
#define HAVE_STRINGS_H 1
#define HAVE_STRING_H 1
#define HAVE_STRING_H 1
#define HAVE_STRTOULL 1
#define HAVE_SYSCONF 1
#define HAVE_SYS_FILE_H 1
#define HAVE_SYS_PROCFS_H 1
#define HAVE_SYS_STAT_H 1
#define HAVE_SYS_TIME_H 1
#define HAVE_SYS_TYPES_H 1
#define HAVE_TIME_H 1
#define HAVE_UNISTD_H 1
#define HAVE_UNISTD_H 1
#define HAVE_UNISTD_H 1
#define LT_OBJDIR ".libs/"
#define PACKAGE "bfd"
#define PACKAGE_BUGREPORT ""
#define PACKAGE_NAME ""
#define PACKAGE_STRING ""
#define PACKAGE_TARNAME ""
#define PACKAGE_VERSION ""
#define SIZEOF_LONG 8
#define SIZEOF_LONG_LONG 8
#define SIZEOF_OFF_T 8
#define STDC_HEADERS 1
#define STRING_WITH_STRINGS 1
#define TIME_WITH_SYS_TIME 1
#define VERSION "2.17.50"
#define _GNU_SOURCE 1

configure: exit 0

## ---------------------- ##
## Running config.status. ##
## ---------------------- ##

This file was extended by config.status, which was
generated by GNU Autoconf 2.59.  Invocation command line was

  CONFIG_FILES    = po/Makefile.in:po/Make-in
  CONFIG_HEADERS  = 
  CONFIG_LINKS    = 
  CONFIG_COMMANDS = 
  $ ./config.status 

on fuji

config.status:982: creating po/Makefile.in
config.status:1498: executing depfiles commands
config.status:1498: executing libtool commands
config.status:1498: executing default-1 commands
config.status:1498: executing bfd_stdint.h commands
config.status:1498: executing default commands
